C:\USERS\JEAN-G\DOCUMENTS\SHUFFLEBOARD\BULLET\BUILD\VS2010\OBJ\X32\RELEASE\APP_SLIDERCONSTRAINTDEMO\SLIDERCONSTRAINTDEMO.OBJ
C:\USERS\JEAN-G\DOCUMENTS\SHUFFLEBOARD\BULLET\BUILD\VS2010\OBJ\X32\RELEASE\APP_SLIDERCONSTRAINTDEMO\MAIN.OBJ
C:\USERS\JEAN-G\DOCUMENTS\SHUFFLEBOARD\BULLET\BUILD\VS2010\OBJ\X32\RELEASE\APP_SLIDERCONSTRAINTDEMO\BULLET.RES
C:\Users\Jean-G\Documents\ShuffleBoard\Bullet\build\vs2010\obj\x32\Release\App_SliderConstraintDemo\main.obj
C:\Users\Jean-G\Documents\ShuffleBoard\Bullet\build\vs2010\obj\x32\Release\App_SliderConstraintDemo\SliderConstraintDemo.obj
C:\Users\Jean-G\Documents\ShuffleBoard\Bullet\build\vs2010\obj\x32\Release\App_SliderConstraintDemo\CL.7788.read.1.tlog
C:\Users\Jean-G\Documents\ShuffleBoard\Bullet\build\vs2010\obj\x32\Release\App_SliderConstraintDemo\CL.7788.write.1.tlog
C:\Users\Jean-G\Documents\ShuffleBoard\Bullet\build\vs2010\obj\x32\Release\App_SliderConstraintDemo\CL.7848.read.1.tlog
C:\Users\Jean-G\Documents\ShuffleBoard\Bullet\build\vs2010\obj\x32\Release\App_SliderConstraintDemo\CL.7848.write.1.tlog
C:\Users\Jean-G\Documents\ShuffleBoard\Bullet\build\vs2010\obj\x32\Release\App_SliderConstraintDemo\cl.command.1.tlog
C:\Users\Jean-G\Documents\ShuffleBoard\Bullet\build\vs2010\obj\x32\Release\App_SliderConstraintDemo\CL.read.1.tlog
C:\Users\Jean-G\Documents\ShuffleBoard\Bullet\build\vs2010\obj\x32\Release\App_SliderConstraintDemo\CL.write.1.tlog
C:\Users\Jean-G\Documents\ShuffleBoard\Bullet\build\vs2010\obj\x32\Release\App_SliderConstraintDemo\link-cvtres.read.1.tlog
C:\Users\Jean-G\Documents\ShuffleBoard\Bullet\build\vs2010\obj\x32\Release\App_SliderConstraintDemo\link-cvtres.write.1.tlog
C:\Users\Jean-G\Documents\ShuffleBoard\Bullet\build\vs2010\obj\x32\Release\App_SliderConstraintDemo\link-rc.read.1.tlog
C:\Users\Jean-G\Documents\ShuffleBoard\Bullet\build\vs2010\obj\x32\Release\App_SliderConstraintDemo\link-rc.write.1.tlog
C:\Users\Jean-G\Documents\ShuffleBoard\Bullet\build\vs2010\obj\x32\Release\App_SliderConstraintDemo\link.command.1.tlog
C:\Users\Jean-G\Documents\ShuffleBoard\Bullet\build\vs2010\obj\x32\Release\App_SliderConstraintDemo\link.read.1.tlog
C:\Users\Jean-G\Documents\ShuffleBoard\Bullet\build\vs2010\obj\x32\Release\App_SliderConstraintDemo\link.write.1.tlog
C:\Users\Jean-G\Documents\ShuffleBoard\Bullet\build\vs2010\obj\x32\Release\App_SliderConstraintDemo\rc.command.1.tlog
C:\Users\Jean-G\Documents\ShuffleBoard\Bullet\build\vs2010\obj\x32\Release\App_SliderConstraintDemo\rc.read.1.tlog
C:\Users\Jean-G\Documents\ShuffleBoard\Bullet\build\vs2010\obj\x32\Release\App_SliderConstraintDemo\rc.write.1.tlog
C:\Users\Jean-G\Documents\ShuffleBoard\Bullet\build\vs2010\obj\x32\Release\App_SliderConstraintDemo\bullet.res
