Build started 10/04/2014 4:58:54 PM.
     1>Project "C:\Users\Jean-G\Documents\ShuffleBoard\Bullet\build\vs2010\BulletSoftBody.vcxproj" on node 3 (Rebuild target(s)).
     1>ClCompile:
         C:\Program Files (x86)\Microsoft Visual Studio 11.0\VC\bin\CL.exe /c /I..\..\src /Zi /nologo /W3 /WX- /Od /Oy- /D _CRT_SECURE_NO_WARNINGS /D _CRT_SECURE_NO_DEPRECATE /D _HAS_EXCEPTIONS=0 /D _MBCS /Gm- /RTC1 /MTd /GS /Gy /fp:fast /Zc:wchar_t /Zc:forScope /GR- /Fo"obj\x32\Debug\BulletSoftBody\\" /Fd"..\..\lib\BulletSoftBody_vs2010_debug.pdb" /Gd /TP /analyze- /errorReport:prompt /MP ..\..\src\BulletSoftBody\btDefaultSoftBodySolver.cpp ..\..\src\BulletSoftBody\btSoftBody.cpp ..\..\src\BulletSoftBody\btSoftBodyConcaveCollisionAlgorithm.cpp ..\..\src\BulletSoftBody\btSoftBodyHelpers.cpp ..\..\src\BulletSoftBody\btSoftBodyRigidBodyCollisionConfiguration.cpp ..\..\src\BulletSoftBody\btSoftRigidCollisionAlgorithm.cpp ..\..\src\BulletSoftBody\btSoftRigidDynamicsWorld.cpp ..\..\src\BulletSoftBody\btSoftSoftCollisionAlgorithm.cpp
         btDefaultSoftBodySolver.cpp
         btSoftBody.cpp
         btSoftBodyConcaveCollisionAlgorithm.cpp
         btSoftBodyHelpers.cpp
         btSoftBodyRigidBodyCollisionConfiguration.cpp
         btSoftRigidCollisionAlgorithm.cpp
         btSoftRigidDynamicsWorld.cpp
         btSoftSoftCollisionAlgorithm.cpp
       Lib:
         C:\Program Files (x86)\Microsoft Visual Studio 11.0\VC\bin\Lib.exe /OUT:"..\..\lib\BulletSoftBody_vs2010_debug.lib" /NOLOGO /MACHINE:X86 obj\x32\Debug\BulletSoftBody\btDefaultSoftBodySolver.obj
         obj\x32\Debug\BulletSoftBody\btSoftBody.obj
         obj\x32\Debug\BulletSoftBody\btSoftBodyConcaveCollisionAlgorithm.obj
         obj\x32\Debug\BulletSoftBody\btSoftBodyHelpers.obj
         obj\x32\Debug\BulletSoftBody\btSoftBodyRigidBodyCollisionConfiguration.obj
         obj\x32\Debug\BulletSoftBody\btSoftRigidCollisionAlgorithm.obj
         obj\x32\Debug\BulletSoftBody\btSoftRigidDynamicsWorld.obj
         obj\x32\Debug\BulletSoftBody\btSoftSoftCollisionAlgorithm.obj
         BulletSoftBody.vcxproj -> C:\Users\Jean-G\Documents\ShuffleBoard\Bullet\build\vs2010\..\..\lib\BulletSoftBody_vs2010_debug.lib
     1>Done Building Project "C:\Users\Jean-G\Documents\ShuffleBoard\Bullet\build\vs2010\BulletSoftBody.vcxproj" (Rebuild target(s)).

Build succeeded.

Time Elapsed 00:00:11.76
