C:\USERS\JEAN-G\DOCUMENTS\SHUFFLEBOARD\BULLET\BUILD\VS2010\OBJ\X32\DEBUG\APP_CONVEXHULLDISTANCE\CONVEXHULLDISTANCEDEMO.OBJ
C:\USERS\JEAN-G\DOCUMENTS\SHUFFLEBOARD\BULLET\APP_CONVEXHULLDISTANCE_VS2010_DEBUG.PDB
C:\USERS\JEAN-G\DOCUMENTS\SHUFFLEBOARD\BULLET\APP_CONVEXHULLDISTANCE_VS2010_DEBUG.ILK
C:\USERS\JEAN-G\DOCUMENTS\SHUFFLEBOARD\BULLET\APP_CONVEXHULLDISTANCE_VS2010_DEBUG.EXE
C:\USERS\JEAN-G\DOCUMENTS\SHUFFLEBOARD\BULLET\BUILD\VS2010\OBJ\X32\DEBUG\APP_CONVEXHULLDISTANCE\BULLET.RES
C:\Users\Jean-G\Documents\ShuffleBoard\Bullet\build\vs2010\obj\x32\Debug\App_ConvexHullDistance\ConvexHullDistanceDemo.obj
C:\Users\Jean-G\Documents\ShuffleBoard\Bullet\build\vs2010\obj\x32\Debug\App_ConvexHullDistance\cl.command.1.tlog
C:\Users\Jean-G\Documents\ShuffleBoard\Bullet\build\vs2010\obj\x32\Debug\App_ConvexHullDistance\CL.read.1.tlog
C:\Users\Jean-G\Documents\ShuffleBoard\Bullet\build\vs2010\obj\x32\Debug\App_ConvexHullDistance\CL.write.1.tlog
C:\Users\Jean-G\Documents\ShuffleBoard\Bullet\build\vs2010\obj\x32\Debug\App_ConvexHullDistance\link-cvtres.read.1.tlog
C:\Users\Jean-G\Documents\ShuffleBoard\Bullet\build\vs2010\obj\x32\Debug\App_ConvexHullDistance\link-cvtres.write.1.tlog
C:\Users\Jean-G\Documents\ShuffleBoard\Bullet\build\vs2010\obj\x32\Debug\App_ConvexHullDistance\link-rc.read.1.tlog
C:\Users\Jean-G\Documents\ShuffleBoard\Bullet\build\vs2010\obj\x32\Debug\App_ConvexHullDistance\link-rc.write.1.tlog
C:\Users\Jean-G\Documents\ShuffleBoard\Bullet\build\vs2010\obj\x32\Debug\App_ConvexHullDistance\link.command.1.tlog
C:\Users\Jean-G\Documents\ShuffleBoard\Bullet\build\vs2010\obj\x32\Debug\App_ConvexHullDistance\link.read.1.tlog
C:\Users\Jean-G\Documents\ShuffleBoard\Bullet\build\vs2010\obj\x32\Debug\App_ConvexHullDistance\link.write.1.tlog
C:\Users\Jean-G\Documents\ShuffleBoard\Bullet\build\vs2010\obj\x32\Debug\App_ConvexHullDistance\rc.command.1.tlog
C:\Users\Jean-G\Documents\ShuffleBoard\Bullet\build\vs2010\obj\x32\Debug\App_ConvexHullDistance\rc.read.1.tlog
C:\Users\Jean-G\Documents\ShuffleBoard\Bullet\build\vs2010\obj\x32\Debug\App_ConvexHullDistance\rc.write.1.tlog
C:\Users\Jean-G\Documents\ShuffleBoard\Bullet\build\vs2010\obj\x32\Debug\App_ConvexHullDistance\bullet.res
C:\Users\Jean-G\Documents\ShuffleBoard\Bullet\build\vs2010\..\..\App_ConvexHullDistance_vs2010_debug.exe
