C:\USERS\JEAN-G\GOOGLE DRIVE\SCHOOL\SEMESTER 4\GAME2005\GAMEPHYSICSTESTBEDVS2012\BULLET\BUILD\VS2010\OBJ\X32\DEBUG\BULLETCOLLISION\BTDBVT.OBJ
C:\USERS\JEAN-G\GOOGLE DRIVE\SCHOOL\SEMESTER 4\GAME2005\GAMEPHYSICSTESTBEDVS2012\BULLET\BUILD\VS2010\OBJ\X32\DEBUG\BULLETCOLLISION\BTQUANTIZEDBVH.OBJ
C:\USERS\JEAN-G\GOOGLE DRIVE\SCHOOL\SEMESTER 4\GAME2005\GAMEPHYSICSTESTBEDVS2012\BULLET\BUILD\VS2010\OBJ\X32\DEBUG\BULLETCOLLISION\BTBOXBOXCOLLISIONALGORITHM.OBJ
C:\USERS\JEAN-G\GOOGLE DRIVE\SCHOOL\SEMESTER 4\GAME2005\GAMEPHYSICSTESTBEDVS2012\BULLET\BUILD\VS2010\OBJ\X32\DEBUG\BULLETCOLLISION\BTCOLLISIONOBJECT.OBJ
C:\USERS\JEAN-G\GOOGLE DRIVE\SCHOOL\SEMESTER 4\GAME2005\GAMEPHYSICSTESTBEDVS2012\BULLET\BUILD\VS2010\OBJ\X32\DEBUG\BULLETCOLLISION\BTCONVEX2DCONVEX2DALGORITHM.OBJ
C:\USERS\JEAN-G\GOOGLE DRIVE\SCHOOL\SEMESTER 4\GAME2005\GAMEPHYSICSTESTBEDVS2012\BULLET\BUILD\VS2010\OBJ\X32\DEBUG\BULLETCOLLISION\BTCONVEXPLANECOLLISIONALGORITHM.OBJ
C:\USERS\JEAN-G\GOOGLE DRIVE\SCHOOL\SEMESTER 4\GAME2005\GAMEPHYSICSTESTBEDVS2012\BULLET\BUILD\VS2010\OBJ\X32\DEBUG\BULLETCOLLISION\BTINTERNALEDGEUTILITY.OBJ
C:\USERS\JEAN-G\GOOGLE DRIVE\SCHOOL\SEMESTER 4\GAME2005\GAMEPHYSICSTESTBEDVS2012\BULLET\BUILD\VS2010\OBJ\X32\DEBUG\BULLETCOLLISION\BTSPHERETRIANGLECOLLISIONALGORITHM.OBJ
C:\USERS\JEAN-G\GOOGLE DRIVE\SCHOOL\SEMESTER 4\GAME2005\GAMEPHYSICSTESTBEDVS2012\BULLET\BUILD\VS2010\OBJ\X32\DEBUG\BULLETCOLLISION\BTBOXSHAPE.OBJ
C:\USERS\JEAN-G\GOOGLE DRIVE\SCHOOL\SEMESTER 4\GAME2005\GAMEPHYSICSTESTBEDVS2012\BULLET\BUILD\VS2010\OBJ\X32\DEBUG\BULLETCOLLISION\BTCOLLISIONSHAPE.OBJ
C:\USERS\JEAN-G\GOOGLE DRIVE\SCHOOL\SEMESTER 4\GAME2005\GAMEPHYSICSTESTBEDVS2012\BULLET\BUILD\VS2010\OBJ\X32\DEBUG\BULLETCOLLISION\BTCONVEXHULLSHAPE.OBJ
C:\USERS\JEAN-G\GOOGLE DRIVE\SCHOOL\SEMESTER 4\GAME2005\GAMEPHYSICSTESTBEDVS2012\BULLET\BUILD\VS2010\OBJ\X32\DEBUG\BULLETCOLLISION\BTCONVEXSHAPE.OBJ
C:\USERS\JEAN-G\GOOGLE DRIVE\SCHOOL\SEMESTER 4\GAME2005\GAMEPHYSICSTESTBEDVS2012\BULLET\BUILD\VS2010\OBJ\X32\DEBUG\BULLETCOLLISION\BTMINKOWSKISUMSHAPE.OBJ
C:\USERS\JEAN-G\GOOGLE DRIVE\SCHOOL\SEMESTER 4\GAME2005\GAMEPHYSICSTESTBEDVS2012\BULLET\BUILD\VS2010\OBJ\X32\DEBUG\BULLETCOLLISION\BTPOLYHEDRALCONVEXSHAPE.OBJ
C:\USERS\JEAN-G\GOOGLE DRIVE\SCHOOL\SEMESTER 4\GAME2005\GAMEPHYSICSTESTBEDVS2012\BULLET\BUILD\VS2010\OBJ\X32\DEBUG\BULLETCOLLISION\BTSPHERESHAPE.OBJ
C:\USERS\JEAN-G\GOOGLE DRIVE\SCHOOL\SEMESTER 4\GAME2005\GAMEPHYSICSTESTBEDVS2012\BULLET\BUILD\VS2010\OBJ\X32\DEBUG\BULLETCOLLISION\BTSTRIDINGMESHINTERFACE.OBJ
C:\USERS\JEAN-G\GOOGLE DRIVE\SCHOOL\SEMESTER 4\GAME2005\GAMEPHYSICSTESTBEDVS2012\BULLET\BUILD\VS2010\OBJ\X32\DEBUG\BULLETCOLLISION\BTTRIANGLEMESHSHAPE.OBJ
C:\USERS\JEAN-G\GOOGLE DRIVE\SCHOOL\SEMESTER 4\GAME2005\GAMEPHYSICSTESTBEDVS2012\BULLET\BUILD\VS2010\OBJ\X32\DEBUG\BULLETCOLLISION\BTGENERICPOOLALLOCATOR.OBJ
C:\USERS\JEAN-G\GOOGLE DRIVE\SCHOOL\SEMESTER 4\GAME2005\GAMEPHYSICSTESTBEDVS2012\BULLET\BUILD\VS2010\OBJ\X32\DEBUG\BULLETCOLLISION\BTGIMPACTQUANTIZEDBVH.OBJ
C:\USERS\JEAN-G\GOOGLE DRIVE\SCHOOL\SEMESTER 4\GAME2005\GAMEPHYSICSTESTBEDVS2012\BULLET\BUILD\VS2010\OBJ\X32\DEBUG\BULLETCOLLISION\GIM_BOX_SET.OBJ
C:\USERS\JEAN-G\GOOGLE DRIVE\SCHOOL\SEMESTER 4\GAME2005\GAMEPHYSICSTESTBEDVS2012\BULLET\BUILD\VS2010\OBJ\X32\DEBUG\BULLETCOLLISION\GIM_MEMORY.OBJ
C:\USERS\JEAN-G\GOOGLE DRIVE\SCHOOL\SEMESTER 4\GAME2005\GAMEPHYSICSTESTBEDVS2012\BULLET\BUILD\VS2010\OBJ\X32\DEBUG\BULLETCOLLISION\BTCONVEXCAST.OBJ
C:\USERS\JEAN-G\GOOGLE DRIVE\SCHOOL\SEMESTER 4\GAME2005\GAMEPHYSICSTESTBEDVS2012\BULLET\BUILD\VS2010\OBJ\X32\DEBUG\BULLETCOLLISION\BTGJKEPAPENETRATIONDEPTHSOLVER.OBJ
C:\USERS\JEAN-G\GOOGLE DRIVE\SCHOOL\SEMESTER 4\GAME2005\GAMEPHYSICSTESTBEDVS2012\BULLET\BUILD\VS2010\OBJ\X32\DEBUG\BULLETCOLLISION\BTPERSISTENTMANIFOLD.OBJ
C:\USERS\JEAN-G\GOOGLE DRIVE\SCHOOL\SEMESTER 4\GAME2005\GAMEPHYSICSTESTBEDVS2012\BULLET\BUILD\VS2010\OBJ\X32\DEBUG\BULLETCOLLISION\BTVORONOISIMPLEXSOLVER.OBJ
C:\USERS\JEAN-G\GOOGLE DRIVE\SCHOOL\SEMESTER 4\GAME2005\GAMEPHYSICSTESTBEDVS2012\BULLET\BUILD\VS2010\OBJ\X32\DEBUG\BULLETCOLLISION\BTAXISSWEEP3.OBJ
C:\USERS\JEAN-G\GOOGLE DRIVE\SCHOOL\SEMESTER 4\GAME2005\GAMEPHYSICSTESTBEDVS2012\BULLET\BUILD\VS2010\OBJ\X32\DEBUG\BULLETCOLLISION\BTOVERLAPPINGPAIRCACHE.OBJ
C:\USERS\JEAN-G\GOOGLE DRIVE\SCHOOL\SEMESTER 4\GAME2005\GAMEPHYSICSTESTBEDVS2012\BULLET\BUILD\VS2010\OBJ\X32\DEBUG\BULLETCOLLISION\BTBOX2DBOX2DCOLLISIONALGORITHM.OBJ
C:\USERS\JEAN-G\GOOGLE DRIVE\SCHOOL\SEMESTER 4\GAME2005\GAMEPHYSICSTESTBEDVS2012\BULLET\BUILD\VS2010\OBJ\X32\DEBUG\BULLETCOLLISION\BTCOMPOUNDCOLLISIONALGORITHM.OBJ
C:\USERS\JEAN-G\GOOGLE DRIVE\SCHOOL\SEMESTER 4\GAME2005\GAMEPHYSICSTESTBEDVS2012\BULLET\BUILD\VS2010\OBJ\X32\DEBUG\BULLETCOLLISION\BTCONVEXCONVEXALGORITHM.OBJ
C:\USERS\JEAN-G\GOOGLE DRIVE\SCHOOL\SEMESTER 4\GAME2005\GAMEPHYSICSTESTBEDVS2012\BULLET\BUILD\VS2010\OBJ\X32\DEBUG\BULLETCOLLISION\BTDEFAULTCOLLISIONCONFIGURATION.OBJ
C:\USERS\JEAN-G\GOOGLE DRIVE\SCHOOL\SEMESTER 4\GAME2005\GAMEPHYSICSTESTBEDVS2012\BULLET\BUILD\VS2010\OBJ\X32\DEBUG\BULLETCOLLISION\BTSIMULATIONISLANDMANAGER.OBJ
C:\USERS\JEAN-G\GOOGLE DRIVE\SCHOOL\SEMESTER 4\GAME2005\GAMEPHYSICSTESTBEDVS2012\BULLET\BUILD\VS2010\OBJ\X32\DEBUG\BULLETCOLLISION\BTUNIONFIND.OBJ
C:\USERS\JEAN-G\GOOGLE DRIVE\SCHOOL\SEMESTER 4\GAME2005\GAMEPHYSICSTESTBEDVS2012\BULLET\BUILD\VS2010\OBJ\X32\DEBUG\BULLETCOLLISION\BTBOX2DSHAPE.OBJ
C:\USERS\JEAN-G\GOOGLE DRIVE\SCHOOL\SEMESTER 4\GAME2005\GAMEPHYSICSTESTBEDVS2012\BULLET\BUILD\VS2010\OBJ\X32\DEBUG\BULLETCOLLISION\BTCAPSULESHAPE.OBJ
C:\USERS\JEAN-G\GOOGLE DRIVE\SCHOOL\SEMESTER 4\GAME2005\GAMEPHYSICSTESTBEDVS2012\BULLET\BUILD\VS2010\OBJ\X32\DEBUG\BULLETCOLLISION\BTCOMPOUNDSHAPE.OBJ
C:\USERS\JEAN-G\GOOGLE DRIVE\SCHOOL\SEMESTER 4\GAME2005\GAMEPHYSICSTESTBEDVS2012\BULLET\BUILD\VS2010\OBJ\X32\DEBUG\BULLETCOLLISION\BTCONVEXPOINTCLOUDSHAPE.OBJ
C:\USERS\JEAN-G\GOOGLE DRIVE\SCHOOL\SEMESTER 4\GAME2005\GAMEPHYSICSTESTBEDVS2012\BULLET\BUILD\VS2010\OBJ\X32\DEBUG\BULLETCOLLISION\BTCYLINDERSHAPE.OBJ
C:\USERS\JEAN-G\GOOGLE DRIVE\SCHOOL\SEMESTER 4\GAME2005\GAMEPHYSICSTESTBEDVS2012\BULLET\BUILD\VS2010\OBJ\X32\DEBUG\BULLETCOLLISION\BTMULTIMATERIALTRIANGLEMESHSHAPE.OBJ
C:\USERS\JEAN-G\GOOGLE DRIVE\SCHOOL\SEMESTER 4\GAME2005\GAMEPHYSICSTESTBEDVS2012\BULLET\BUILD\VS2010\OBJ\X32\DEBUG\BULLETCOLLISION\BTSCALEDBVHTRIANGLEMESHSHAPE.OBJ
C:\USERS\JEAN-G\GOOGLE DRIVE\SCHOOL\SEMESTER 4\GAME2005\GAMEPHYSICSTESTBEDVS2012\BULLET\BUILD\VS2010\OBJ\X32\DEBUG\BULLETCOLLISION\BTTRIANGLEBUFFER.OBJ
C:\USERS\JEAN-G\GOOGLE DRIVE\SCHOOL\SEMESTER 4\GAME2005\GAMEPHYSICSTESTBEDVS2012\BULLET\BUILD\VS2010\OBJ\X32\DEBUG\BULLETCOLLISION\BTTRIANGLEINDEXVERTEXMATERIALARRAY.OBJ
C:\USERS\JEAN-G\GOOGLE DRIVE\SCHOOL\SEMESTER 4\GAME2005\GAMEPHYSICSTESTBEDVS2012\BULLET\BUILD\VS2010\OBJ\X32\DEBUG\BULLETCOLLISION\BTCONTACTPROCESSING.OBJ
C:\USERS\JEAN-G\GOOGLE DRIVE\SCHOOL\SEMESTER 4\GAME2005\GAMEPHYSICSTESTBEDVS2012\BULLET\BUILD\VS2010\OBJ\X32\DEBUG\BULLETCOLLISION\BTGIMPACTSHAPE.OBJ
C:\USERS\JEAN-G\GOOGLE DRIVE\SCHOOL\SEMESTER 4\GAME2005\GAMEPHYSICSTESTBEDVS2012\BULLET\BUILD\VS2010\OBJ\X32\DEBUG\BULLETCOLLISION\GIM_CONTACT.OBJ
C:\USERS\JEAN-G\GOOGLE DRIVE\SCHOOL\SEMESTER 4\GAME2005\GAMEPHYSICSTESTBEDVS2012\BULLET\BUILD\VS2010\OBJ\X32\DEBUG\BULLETCOLLISION\BTGJKCONVEXCAST.OBJ
C:\USERS\JEAN-G\GOOGLE DRIVE\SCHOOL\SEMESTER 4\GAME2005\GAMEPHYSICSTESTBEDVS2012\BULLET\BUILD\VS2010\OBJ\X32\DEBUG\BULLETCOLLISION\BTMINKOWSKIPENETRATIONDEPTHSOLVER.OBJ
C:\USERS\JEAN-G\GOOGLE DRIVE\SCHOOL\SEMESTER 4\GAME2005\GAMEPHYSICSTESTBEDVS2012\BULLET\BUILD\VS2010\OBJ\X32\DEBUG\BULLETCOLLISION\BTSUBSIMPLEXCONVEXCAST.OBJ
C:\USERS\JEAN-G\GOOGLE DRIVE\SCHOOL\SEMESTER 4\GAME2005\GAMEPHYSICSTESTBEDVS2012\BULLET\BUILD\VS2010\OBJ\X32\DEBUG\BULLETCOLLISION\BTBROADPHASEPROXY.OBJ
C:\USERS\JEAN-G\GOOGLE DRIVE\SCHOOL\SEMESTER 4\GAME2005\GAMEPHYSICSTESTBEDVS2012\BULLET\BUILD\VS2010\OBJ\X32\DEBUG\BULLETCOLLISION\BTDBVTBROADPHASE.OBJ
C:\USERS\JEAN-G\GOOGLE DRIVE\SCHOOL\SEMESTER 4\GAME2005\GAMEPHYSICSTESTBEDVS2012\BULLET\BUILD\VS2010\OBJ\X32\DEBUG\BULLETCOLLISION\BTSIMPLEBROADPHASE.OBJ
C:\USERS\JEAN-G\GOOGLE DRIVE\SCHOOL\SEMESTER 4\GAME2005\GAMEPHYSICSTESTBEDVS2012\BULLET\BUILD\VS2010\OBJ\X32\DEBUG\BULLETCOLLISION\BTBOXBOXDETECTOR.OBJ
C:\USERS\JEAN-G\GOOGLE DRIVE\SCHOOL\SEMESTER 4\GAME2005\GAMEPHYSICSTESTBEDVS2012\BULLET\BUILD\VS2010\OBJ\X32\DEBUG\BULLETCOLLISION\BTCOLLISIONDISPATCHER.OBJ
C:\USERS\JEAN-G\GOOGLE DRIVE\SCHOOL\SEMESTER 4\GAME2005\GAMEPHYSICSTESTBEDVS2012\BULLET\BUILD\VS2010\OBJ\X32\DEBUG\BULLETCOLLISION\BTCONVEXCONCAVECOLLISIONALGORITHM.OBJ
C:\USERS\JEAN-G\GOOGLE DRIVE\SCHOOL\SEMESTER 4\GAME2005\GAMEPHYSICSTESTBEDVS2012\BULLET\BUILD\VS2010\OBJ\X32\DEBUG\BULLETCOLLISION\BTGHOSTOBJECT.OBJ
C:\USERS\JEAN-G\GOOGLE DRIVE\SCHOOL\SEMESTER 4\GAME2005\GAMEPHYSICSTESTBEDVS2012\BULLET\BUILD\VS2010\OBJ\X32\DEBUG\BULLETCOLLISION\BTSPHERESPHERECOLLISIONALGORITHM.OBJ
C:\USERS\JEAN-G\GOOGLE DRIVE\SCHOOL\SEMESTER 4\GAME2005\GAMEPHYSICSTESTBEDVS2012\BULLET\BUILD\VS2010\OBJ\X32\DEBUG\BULLETCOLLISION\BTCONESHAPE.OBJ
C:\USERS\JEAN-G\GOOGLE DRIVE\SCHOOL\SEMESTER 4\GAME2005\GAMEPHYSICSTESTBEDVS2012\BULLET\BUILD\VS2010\OBJ\X32\DEBUG\BULLETCOLLISION\BTCONVEXPOLYHEDRON.OBJ
C:\USERS\JEAN-G\GOOGLE DRIVE\SCHOOL\SEMESTER 4\GAME2005\GAMEPHYSICSTESTBEDVS2012\BULLET\BUILD\VS2010\OBJ\X32\DEBUG\BULLETCOLLISION\BTEMPTYSHAPE.OBJ
C:\USERS\JEAN-G\GOOGLE DRIVE\SCHOOL\SEMESTER 4\GAME2005\GAMEPHYSICSTESTBEDVS2012\BULLET\BUILD\VS2010\OBJ\X32\DEBUG\BULLETCOLLISION\BTMULTISPHERESHAPE.OBJ
C:\USERS\JEAN-G\GOOGLE DRIVE\SCHOOL\SEMESTER 4\GAME2005\GAMEPHYSICSTESTBEDVS2012\BULLET\BUILD\VS2010\OBJ\X32\DEBUG\BULLETCOLLISION\BTSTATICPLANESHAPE.OBJ
C:\USERS\JEAN-G\GOOGLE DRIVE\SCHOOL\SEMESTER 4\GAME2005\GAMEPHYSICSTESTBEDVS2012\BULLET\BUILD\VS2010\OBJ\X32\DEBUG\BULLETCOLLISION\BTTRIANGLECALLBACK.OBJ
C:\USERS\JEAN-G\GOOGLE DRIVE\SCHOOL\SEMESTER 4\GAME2005\GAMEPHYSICSTESTBEDVS2012\BULLET\BUILD\VS2010\OBJ\X32\DEBUG\BULLETCOLLISION\BTTRIANGLEMESH.OBJ
C:\USERS\JEAN-G\GOOGLE DRIVE\SCHOOL\SEMESTER 4\GAME2005\GAMEPHYSICSTESTBEDVS2012\BULLET\BUILD\VS2010\OBJ\X32\DEBUG\BULLETCOLLISION\BTGIMPACTBVH.OBJ
C:\USERS\JEAN-G\GOOGLE DRIVE\SCHOOL\SEMESTER 4\GAME2005\GAMEPHYSICSTESTBEDVS2012\BULLET\BUILD\VS2010\OBJ\X32\DEBUG\BULLETCOLLISION\BTTRIANGLESHAPEEX.OBJ
C:\USERS\JEAN-G\GOOGLE DRIVE\SCHOOL\SEMESTER 4\GAME2005\GAMEPHYSICSTESTBEDVS2012\BULLET\BUILD\VS2010\OBJ\X32\DEBUG\BULLETCOLLISION\BTCONTINUOUSCONVEXCOLLISION.OBJ
C:\USERS\JEAN-G\GOOGLE DRIVE\SCHOOL\SEMESTER 4\GAME2005\GAMEPHYSICSTESTBEDVS2012\BULLET\BUILD\VS2010\OBJ\X32\DEBUG\BULLETCOLLISION\BTGJKPAIRDETECTOR.OBJ
C:\USERS\JEAN-G\GOOGLE DRIVE\SCHOOL\SEMESTER 4\GAME2005\GAMEPHYSICSTESTBEDVS2012\BULLET\BUILD\VS2010\OBJ\X32\DEBUG\BULLETCOLLISION\BTRAYCASTCALLBACK.OBJ
C:\USERS\JEAN-G\GOOGLE DRIVE\SCHOOL\SEMESTER 4\GAME2005\GAMEPHYSICSTESTBEDVS2012\BULLET\BUILD\VS2010\OBJ\X32\DEBUG\BULLETCOLLISION\BTCOLLISIONALGORITHM.OBJ
C:\USERS\JEAN-G\GOOGLE DRIVE\SCHOOL\SEMESTER 4\GAME2005\GAMEPHYSICSTESTBEDVS2012\BULLET\BUILD\VS2010\OBJ\X32\DEBUG\BULLETCOLLISION\BTDISPATCHER.OBJ
C:\USERS\JEAN-G\GOOGLE DRIVE\SCHOOL\SEMESTER 4\GAME2005\GAMEPHYSICSTESTBEDVS2012\BULLET\BUILD\VS2010\OBJ\X32\DEBUG\BULLETCOLLISION\BTMULTISAPBROADPHASE.OBJ
C:\USERS\JEAN-G\GOOGLE DRIVE\SCHOOL\SEMESTER 4\GAME2005\GAMEPHYSICSTESTBEDVS2012\BULLET\BUILD\VS2010\OBJ\X32\DEBUG\BULLETCOLLISION\BTACTIVATINGCOLLISIONALGORITHM.OBJ
C:\USERS\JEAN-G\GOOGLE DRIVE\SCHOOL\SEMESTER 4\GAME2005\GAMEPHYSICSTESTBEDVS2012\BULLET\BUILD\VS2010\OBJ\X32\DEBUG\BULLETCOLLISION\BTCOLLISIONWORLD.OBJ
C:\USERS\JEAN-G\GOOGLE DRIVE\SCHOOL\SEMESTER 4\GAME2005\GAMEPHYSICSTESTBEDVS2012\BULLET\BUILD\VS2010\OBJ\X32\DEBUG\BULLETCOLLISION\BTEMPTYCOLLISIONALGORITHM.OBJ
C:\USERS\JEAN-G\GOOGLE DRIVE\SCHOOL\SEMESTER 4\GAME2005\GAMEPHYSICSTESTBEDVS2012\BULLET\BUILD\VS2010\OBJ\X32\DEBUG\BULLETCOLLISION\BTMANIFOLDRESULT.OBJ
C:\USERS\JEAN-G\GOOGLE DRIVE\SCHOOL\SEMESTER 4\GAME2005\GAMEPHYSICSTESTBEDVS2012\BULLET\BUILD\VS2010\OBJ\X32\DEBUG\BULLETCOLLISION\BTSPHEREBOXCOLLISIONALGORITHM.OBJ
C:\USERS\JEAN-G\GOOGLE DRIVE\SCHOOL\SEMESTER 4\GAME2005\GAMEPHYSICSTESTBEDVS2012\BULLET\BUILD\VS2010\OBJ\X32\DEBUG\BULLETCOLLISION\SPHERETRIANGLEDETECTOR.OBJ
C:\USERS\JEAN-G\GOOGLE DRIVE\SCHOOL\SEMESTER 4\GAME2005\GAMEPHYSICSTESTBEDVS2012\BULLET\BUILD\VS2010\OBJ\X32\DEBUG\BULLETCOLLISION\BTBVHTRIANGLEMESHSHAPE.OBJ
C:\USERS\JEAN-G\GOOGLE DRIVE\SCHOOL\SEMESTER 4\GAME2005\GAMEPHYSICSTESTBEDVS2012\BULLET\BUILD\VS2010\OBJ\X32\DEBUG\BULLETCOLLISION\BTCONCAVESHAPE.OBJ
C:\USERS\JEAN-G\GOOGLE DRIVE\SCHOOL\SEMESTER 4\GAME2005\GAMEPHYSICSTESTBEDVS2012\BULLET\BUILD\VS2010\OBJ\X32\DEBUG\BULLETCOLLISION\BTCONVEX2DSHAPE.OBJ
C:\USERS\JEAN-G\GOOGLE DRIVE\SCHOOL\SEMESTER 4\GAME2005\GAMEPHYSICSTESTBEDVS2012\BULLET\BUILD\VS2010\OBJ\X32\DEBUG\BULLETCOLLISION\BTCONVEXINTERNALSHAPE.OBJ
C:\USERS\JEAN-G\GOOGLE DRIVE\SCHOOL\SEMESTER 4\GAME2005\GAMEPHYSICSTESTBEDVS2012\BULLET\BUILD\VS2010\OBJ\X32\DEBUG\BULLETCOLLISION\BTCONVEXTRIANGLEMESHSHAPE.OBJ
C:\USERS\JEAN-G\GOOGLE DRIVE\SCHOOL\SEMESTER 4\GAME2005\GAMEPHYSICSTESTBEDVS2012\BULLET\BUILD\VS2010\OBJ\X32\DEBUG\BULLETCOLLISION\BTHEIGHTFIELDTERRAINSHAPE.OBJ
C:\USERS\JEAN-G\GOOGLE DRIVE\SCHOOL\SEMESTER 4\GAME2005\GAMEPHYSICSTESTBEDVS2012\BULLET\BUILD\VS2010\OBJ\X32\DEBUG\BULLETCOLLISION\BTOPTIMIZEDBVH.OBJ
C:\USERS\JEAN-G\GOOGLE DRIVE\SCHOOL\SEMESTER 4\GAME2005\GAMEPHYSICSTESTBEDVS2012\BULLET\BUILD\VS2010\OBJ\X32\DEBUG\BULLETCOLLISION\BTSHAPEHULL.OBJ
C:\USERS\JEAN-G\GOOGLE DRIVE\SCHOOL\SEMESTER 4\GAME2005\GAMEPHYSICSTESTBEDVS2012\BULLET\BUILD\VS2010\OBJ\X32\DEBUG\BULLETCOLLISION\BTTETRAHEDRONSHAPE.OBJ
C:\USERS\JEAN-G\GOOGLE DRIVE\SCHOOL\SEMESTER 4\GAME2005\GAMEPHYSICSTESTBEDVS2012\BULLET\BUILD\VS2010\OBJ\X32\DEBUG\BULLETCOLLISION\BTTRIANGLEINDEXVERTEXARRAY.OBJ
C:\USERS\JEAN-G\GOOGLE DRIVE\SCHOOL\SEMESTER 4\GAME2005\GAMEPHYSICSTESTBEDVS2012\BULLET\BUILD\VS2010\OBJ\X32\DEBUG\BULLETCOLLISION\BTUNIFORMSCALINGSHAPE.OBJ
C:\USERS\JEAN-G\GOOGLE DRIVE\SCHOOL\SEMESTER 4\GAME2005\GAMEPHYSICSTESTBEDVS2012\BULLET\BUILD\VS2010\OBJ\X32\DEBUG\BULLETCOLLISION\BTGIMPACTCOLLISIONALGORITHM.OBJ
C:\USERS\JEAN-G\GOOGLE DRIVE\SCHOOL\SEMESTER 4\GAME2005\GAMEPHYSICSTESTBEDVS2012\BULLET\BUILD\VS2010\OBJ\X32\DEBUG\BULLETCOLLISION\GIM_TRI_COLLISION.OBJ
C:\USERS\JEAN-G\GOOGLE DRIVE\SCHOOL\SEMESTER 4\GAME2005\GAMEPHYSICSTESTBEDVS2012\BULLET\BUILD\VS2010\OBJ\X32\DEBUG\BULLETCOLLISION\BTGJKEPA2.OBJ
C:\USERS\JEAN-G\GOOGLE DRIVE\SCHOOL\SEMESTER 4\GAME2005\GAMEPHYSICSTESTBEDVS2012\BULLET\BUILD\VS2010\OBJ\X32\DEBUG\BULLETCOLLISION\BTPOLYHEDRALCONTACTCLIPPING.OBJ
C:\USERS\JEAN-G\GOOGLE DRIVE\SCHOOL\SEMESTER 4\GAME2005\GAMEPHYSICSTESTBEDVS2012\BULLET\LIB\BULLETCOLLISION_VS2010_DEBUG.PDB
C:\USERS\JEAN-G\DOCUMENTS\SHUFFLEBOARD\BULLET\BUILD\VS2010\OBJ\X32\DEBUG\BULLETCOLLISION\BTCOLLISIONALGORITHM.OBJ
C:\USERS\JEAN-G\DOCUMENTS\SHUFFLEBOARD\BULLET\BUILD\VS2010\OBJ\X32\DEBUG\BULLETCOLLISION\BTDISPATCHER.OBJ
C:\USERS\JEAN-G\DOCUMENTS\SHUFFLEBOARD\BULLET\BUILD\VS2010\OBJ\X32\DEBUG\BULLETCOLLISION\BTMULTISAPBROADPHASE.OBJ
C:\USERS\JEAN-G\DOCUMENTS\SHUFFLEBOARD\BULLET\BUILD\VS2010\OBJ\X32\DEBUG\BULLETCOLLISION\BTACTIVATINGCOLLISIONALGORITHM.OBJ
C:\USERS\JEAN-G\DOCUMENTS\SHUFFLEBOARD\BULLET\BUILD\VS2010\OBJ\X32\DEBUG\BULLETCOLLISION\BTBOXBOXCOLLISIONALGORITHM.OBJ
C:\USERS\JEAN-G\DOCUMENTS\SHUFFLEBOARD\BULLET\BUILD\VS2010\OBJ\X32\DEBUG\BULLETCOLLISION\BTCOLLISIONWORLD.OBJ
C:\USERS\JEAN-G\DOCUMENTS\SHUFFLEBOARD\BULLET\BUILD\VS2010\OBJ\X32\DEBUG\BULLETCOLLISION\BTDEFAULTCOLLISIONCONFIGURATION.OBJ
C:\USERS\JEAN-G\DOCUMENTS\SHUFFLEBOARD\BULLET\BUILD\VS2010\OBJ\X32\DEBUG\BULLETCOLLISION\BTMANIFOLDRESULT.OBJ
C:\USERS\JEAN-G\DOCUMENTS\SHUFFLEBOARD\BULLET\BUILD\VS2010\OBJ\X32\DEBUG\BULLETCOLLISION\BTSPHEREBOXCOLLISIONALGORITHM.OBJ
C:\USERS\JEAN-G\DOCUMENTS\SHUFFLEBOARD\BULLET\BUILD\VS2010\OBJ\X32\DEBUG\BULLETCOLLISION\SPHERETRIANGLEDETECTOR.OBJ
C:\USERS\JEAN-G\DOCUMENTS\SHUFFLEBOARD\BULLET\BUILD\VS2010\OBJ\X32\DEBUG\BULLETCOLLISION\BTBOXSHAPE.OBJ
C:\USERS\JEAN-G\DOCUMENTS\SHUFFLEBOARD\BULLET\BUILD\VS2010\OBJ\X32\DEBUG\BULLETCOLLISION\BTCOMPOUNDSHAPE.OBJ
C:\USERS\JEAN-G\DOCUMENTS\SHUFFLEBOARD\BULLET\BUILD\VS2010\OBJ\X32\DEBUG\BULLETCOLLISION\BTCONVEXPOINTCLOUDSHAPE.OBJ
C:\USERS\JEAN-G\DOCUMENTS\SHUFFLEBOARD\BULLET\BUILD\VS2010\OBJ\X32\DEBUG\BULLETCOLLISION\BTCONVEXTRIANGLEMESHSHAPE.OBJ
C:\USERS\JEAN-G\DOCUMENTS\SHUFFLEBOARD\BULLET\BUILD\VS2010\OBJ\X32\DEBUG\BULLETCOLLISION\BTMINKOWSKISUMSHAPE.OBJ
C:\USERS\JEAN-G\DOCUMENTS\SHUFFLEBOARD\BULLET\BUILD\VS2010\OBJ\X32\DEBUG\BULLETCOLLISION\BTPOLYHEDRALCONVEXSHAPE.OBJ
C:\USERS\JEAN-G\DOCUMENTS\SHUFFLEBOARD\BULLET\BUILD\VS2010\OBJ\X32\DEBUG\BULLETCOLLISION\BTSTATICPLANESHAPE.OBJ
C:\USERS\JEAN-G\DOCUMENTS\SHUFFLEBOARD\BULLET\BUILD\VS2010\OBJ\X32\DEBUG\BULLETCOLLISION\BTTRIANGLEBUFFER.OBJ
C:\USERS\JEAN-G\DOCUMENTS\SHUFFLEBOARD\BULLET\BUILD\VS2010\OBJ\X32\DEBUG\BULLETCOLLISION\BTTRIANGLEINDEXVERTEXMATERIALARRAY.OBJ
C:\USERS\JEAN-G\DOCUMENTS\SHUFFLEBOARD\BULLET\BUILD\VS2010\OBJ\X32\DEBUG\BULLETCOLLISION\BTCONTACTPROCESSING.OBJ
C:\USERS\JEAN-G\DOCUMENTS\SHUFFLEBOARD\BULLET\BUILD\VS2010\OBJ\X32\DEBUG\BULLETCOLLISION\BTGIMPACTSHAPE.OBJ
C:\USERS\JEAN-G\DOCUMENTS\SHUFFLEBOARD\BULLET\BUILD\VS2010\OBJ\X32\DEBUG\BULLETCOLLISION\BTCONTINUOUSCONVEXCOLLISION.OBJ
C:\USERS\JEAN-G\DOCUMENTS\SHUFFLEBOARD\BULLET\BUILD\VS2010\OBJ\X32\DEBUG\BULLETCOLLISION\BTGJKPAIRDETECTOR.OBJ
C:\USERS\JEAN-G\DOCUMENTS\SHUFFLEBOARD\BULLET\BUILD\VS2010\OBJ\X32\DEBUG\BULLETCOLLISION\BTPOLYHEDRALCONTACTCLIPPING.OBJ
C:\USERS\JEAN-G\DOCUMENTS\SHUFFLEBOARD\BULLET\BUILD\VS2010\OBJ\X32\DEBUG\BULLETCOLLISION\BTAXISSWEEP3.OBJ
C:\USERS\JEAN-G\DOCUMENTS\SHUFFLEBOARD\BULLET\BUILD\VS2010\OBJ\X32\DEBUG\BULLETCOLLISION\BTOVERLAPPINGPAIRCACHE.OBJ
C:\USERS\JEAN-G\DOCUMENTS\SHUFFLEBOARD\BULLET\BUILD\VS2010\OBJ\X32\DEBUG\BULLETCOLLISION\BTBOX2DBOX2DCOLLISIONALGORITHM.OBJ
C:\USERS\JEAN-G\DOCUMENTS\SHUFFLEBOARD\BULLET\BUILD\VS2010\OBJ\X32\DEBUG\BULLETCOLLISION\BTCOLLISIONOBJECT.OBJ
C:\USERS\JEAN-G\DOCUMENTS\SHUFFLEBOARD\BULLET\BUILD\VS2010\OBJ\X32\DEBUG\BULLETCOLLISION\BTCONVEXCONCAVECOLLISIONALGORITHM.OBJ
C:\USERS\JEAN-G\DOCUMENTS\SHUFFLEBOARD\BULLET\BUILD\VS2010\OBJ\X32\DEBUG\BULLETCOLLISION\BTCONVEXCONVEXALGORITHM.OBJ
C:\USERS\JEAN-G\DOCUMENTS\SHUFFLEBOARD\BULLET\BUILD\VS2010\OBJ\X32\DEBUG\BULLETCOLLISION\BTSIMULATIONISLANDMANAGER.OBJ
C:\USERS\JEAN-G\DOCUMENTS\SHUFFLEBOARD\BULLET\BUILD\VS2010\OBJ\X32\DEBUG\BULLETCOLLISION\BTSPHERETRIANGLECOLLISIONALGORITHM.OBJ
C:\USERS\JEAN-G\DOCUMENTS\SHUFFLEBOARD\BULLET\BUILD\VS2010\OBJ\X32\DEBUG\BULLETCOLLISION\BTBOX2DSHAPE.OBJ
C:\USERS\JEAN-G\DOCUMENTS\SHUFFLEBOARD\BULLET\BUILD\VS2010\OBJ\X32\DEBUG\BULLETCOLLISION\BTCOLLISIONSHAPE.OBJ
C:\USERS\JEAN-G\DOCUMENTS\SHUFFLEBOARD\BULLET\BUILD\VS2010\OBJ\X32\DEBUG\BULLETCOLLISION\BTCONESHAPE.OBJ
C:\USERS\JEAN-G\DOCUMENTS\SHUFFLEBOARD\BULLET\BUILD\VS2010\OBJ\X32\DEBUG\BULLETCOLLISION\BTCONVEXINTERNALSHAPE.OBJ
C:\USERS\JEAN-G\DOCUMENTS\SHUFFLEBOARD\BULLET\BUILD\VS2010\OBJ\X32\DEBUG\BULLETCOLLISION\BTCONVEXSHAPE.OBJ
C:\USERS\JEAN-G\DOCUMENTS\SHUFFLEBOARD\BULLET\BUILD\VS2010\OBJ\X32\DEBUG\BULLETCOLLISION\BTEMPTYSHAPE.OBJ
C:\USERS\JEAN-G\DOCUMENTS\SHUFFLEBOARD\BULLET\BUILD\VS2010\OBJ\X32\DEBUG\BULLETCOLLISION\BTMULTIMATERIALTRIANGLEMESHSHAPE.OBJ
C:\USERS\JEAN-G\DOCUMENTS\SHUFFLEBOARD\BULLET\BUILD\VS2010\OBJ\X32\DEBUG\BULLETCOLLISION\BTSHAPEHULL.OBJ
C:\USERS\JEAN-G\DOCUMENTS\SHUFFLEBOARD\BULLET\BUILD\VS2010\OBJ\X32\DEBUG\BULLETCOLLISION\BTTETRAHEDRONSHAPE.OBJ
C:\USERS\JEAN-G\DOCUMENTS\SHUFFLEBOARD\BULLET\BUILD\VS2010\OBJ\X32\DEBUG\BULLETCOLLISION\BTTRIANGLEINDEXVERTEXARRAY.OBJ
C:\USERS\JEAN-G\DOCUMENTS\SHUFFLEBOARD\BULLET\BUILD\VS2010\OBJ\X32\DEBUG\BULLETCOLLISION\BTUNIFORMSCALINGSHAPE.OBJ
C:\USERS\JEAN-G\DOCUMENTS\SHUFFLEBOARD\BULLET\BUILD\VS2010\OBJ\X32\DEBUG\BULLETCOLLISION\BTGIMPACTCOLLISIONALGORITHM.OBJ
C:\USERS\JEAN-G\DOCUMENTS\SHUFFLEBOARD\BULLET\BUILD\VS2010\OBJ\X32\DEBUG\BULLETCOLLISION\GIM_CONTACT.OBJ
C:\USERS\JEAN-G\DOCUMENTS\SHUFFLEBOARD\BULLET\BUILD\VS2010\OBJ\X32\DEBUG\BULLETCOLLISION\BTGJKCONVEXCAST.OBJ
C:\USERS\JEAN-G\DOCUMENTS\SHUFFLEBOARD\BULLET\BUILD\VS2010\OBJ\X32\DEBUG\BULLETCOLLISION\BTMINKOWSKIPENETRATIONDEPTHSOLVER.OBJ
C:\USERS\JEAN-G\DOCUMENTS\SHUFFLEBOARD\BULLET\BUILD\VS2010\OBJ\X32\DEBUG\BULLETCOLLISION\BTSUBSIMPLEXCONVEXCAST.OBJ
C:\USERS\JEAN-G\DOCUMENTS\SHUFFLEBOARD\BULLET\BUILD\VS2010\OBJ\X32\DEBUG\BULLETCOLLISION\BTDBVT.OBJ
C:\USERS\JEAN-G\DOCUMENTS\SHUFFLEBOARD\BULLET\BUILD\VS2010\OBJ\X32\DEBUG\BULLETCOLLISION\BTQUANTIZEDBVH.OBJ
C:\USERS\JEAN-G\DOCUMENTS\SHUFFLEBOARD\BULLET\BUILD\VS2010\OBJ\X32\DEBUG\BULLETCOLLISION\BTCOLLISIONDISPATCHER.OBJ
C:\USERS\JEAN-G\DOCUMENTS\SHUFFLEBOARD\BULLET\BUILD\VS2010\OBJ\X32\DEBUG\BULLETCOLLISION\BTCONVEX2DCONVEX2DALGORITHM.OBJ
C:\USERS\JEAN-G\DOCUMENTS\SHUFFLEBOARD\BULLET\BUILD\VS2010\OBJ\X32\DEBUG\BULLETCOLLISION\BTEMPTYCOLLISIONALGORITHM.OBJ
C:\USERS\JEAN-G\DOCUMENTS\SHUFFLEBOARD\BULLET\BUILD\VS2010\OBJ\X32\DEBUG\BULLETCOLLISION\BTINTERNALEDGEUTILITY.OBJ
C:\USERS\JEAN-G\DOCUMENTS\SHUFFLEBOARD\BULLET\BUILD\VS2010\OBJ\X32\DEBUG\BULLETCOLLISION\BTBVHTRIANGLEMESHSHAPE.OBJ
C:\USERS\JEAN-G\DOCUMENTS\SHUFFLEBOARD\BULLET\BUILD\VS2010\OBJ\X32\DEBUG\BULLETCOLLISION\BTCONVEX2DSHAPE.OBJ
C:\USERS\JEAN-G\DOCUMENTS\SHUFFLEBOARD\BULLET\BUILD\VS2010\OBJ\X32\DEBUG\BULLETCOLLISION\BTCONVEXPOLYHEDRON.OBJ
C:\USERS\JEAN-G\DOCUMENTS\SHUFFLEBOARD\BULLET\BUILD\VS2010\OBJ\X32\DEBUG\BULLETCOLLISION\BTCYLINDERSHAPE.OBJ
C:\USERS\JEAN-G\DOCUMENTS\SHUFFLEBOARD\BULLET\BUILD\VS2010\OBJ\X32\DEBUG\BULLETCOLLISION\BTMULTISPHERESHAPE.OBJ
C:\USERS\JEAN-G\DOCUMENTS\SHUFFLEBOARD\BULLET\BUILD\VS2010\OBJ\X32\DEBUG\BULLETCOLLISION\BTSPHERESHAPE.OBJ
C:\USERS\JEAN-G\DOCUMENTS\SHUFFLEBOARD\BULLET\BUILD\VS2010\OBJ\X32\DEBUG\BULLETCOLLISION\BTSTRIDINGMESHINTERFACE.OBJ
C:\USERS\JEAN-G\DOCUMENTS\SHUFFLEBOARD\BULLET\BUILD\VS2010\OBJ\X32\DEBUG\BULLETCOLLISION\BTTRIANGLEMESHSHAPE.OBJ
C:\USERS\JEAN-G\DOCUMENTS\SHUFFLEBOARD\BULLET\BUILD\VS2010\OBJ\X32\DEBUG\BULLETCOLLISION\BTGIMPACTBVH.OBJ
C:\USERS\JEAN-G\DOCUMENTS\SHUFFLEBOARD\BULLET\BUILD\VS2010\OBJ\X32\DEBUG\BULLETCOLLISION\BTTRIANGLESHAPEEX.OBJ
C:\USERS\JEAN-G\DOCUMENTS\SHUFFLEBOARD\BULLET\BUILD\VS2010\OBJ\X32\DEBUG\BULLETCOLLISION\GIM_MEMORY.OBJ
C:\USERS\JEAN-G\DOCUMENTS\SHUFFLEBOARD\BULLET\BUILD\VS2010\OBJ\X32\DEBUG\BULLETCOLLISION\GIM_TRI_COLLISION.OBJ
C:\USERS\JEAN-G\DOCUMENTS\SHUFFLEBOARD\BULLET\BUILD\VS2010\OBJ\X32\DEBUG\BULLETCOLLISION\BTGJKEPAPENETRATIONDEPTHSOLVER.OBJ
C:\USERS\JEAN-G\DOCUMENTS\SHUFFLEBOARD\BULLET\BUILD\VS2010\OBJ\X32\DEBUG\BULLETCOLLISION\BTPERSISTENTMANIFOLD.OBJ
C:\USERS\JEAN-G\DOCUMENTS\SHUFFLEBOARD\BULLET\BUILD\VS2010\OBJ\X32\DEBUG\BULLETCOLLISION\BTVORONOISIMPLEXSOLVER.OBJ
C:\USERS\JEAN-G\DOCUMENTS\SHUFFLEBOARD\BULLET\BUILD\VS2010\OBJ\X32\DEBUG\BULLETCOLLISION\BTBROADPHASEPROXY.OBJ
C:\USERS\JEAN-G\DOCUMENTS\SHUFFLEBOARD\BULLET\BUILD\VS2010\OBJ\X32\DEBUG\BULLETCOLLISION\BTDBVTBROADPHASE.OBJ
C:\USERS\JEAN-G\DOCUMENTS\SHUFFLEBOARD\BULLET\BUILD\VS2010\OBJ\X32\DEBUG\BULLETCOLLISION\BTSIMPLEBROADPHASE.OBJ
C:\USERS\JEAN-G\DOCUMENTS\SHUFFLEBOARD\BULLET\BUILD\VS2010\OBJ\X32\DEBUG\BULLETCOLLISION\BTBOXBOXDETECTOR.OBJ
C:\USERS\JEAN-G\DOCUMENTS\SHUFFLEBOARD\BULLET\BUILD\VS2010\OBJ\X32\DEBUG\BULLETCOLLISION\BTCOMPOUNDCOLLISIONALGORITHM.OBJ
C:\USERS\JEAN-G\DOCUMENTS\SHUFFLEBOARD\BULLET\BUILD\VS2010\OBJ\X32\DEBUG\BULLETCOLLISION\BTCONVEXPLANECOLLISIONALGORITHM.OBJ
C:\USERS\JEAN-G\DOCUMENTS\SHUFFLEBOARD\BULLET\BUILD\VS2010\OBJ\X32\DEBUG\BULLETCOLLISION\BTGHOSTOBJECT.OBJ
C:\USERS\JEAN-G\DOCUMENTS\SHUFFLEBOARD\BULLET\BUILD\VS2010\OBJ\X32\DEBUG\BULLETCOLLISION\BTSPHERESPHERECOLLISIONALGORITHM.OBJ
C:\USERS\JEAN-G\DOCUMENTS\SHUFFLEBOARD\BULLET\BUILD\VS2010\OBJ\X32\DEBUG\BULLETCOLLISION\BTUNIONFIND.OBJ
C:\USERS\JEAN-G\DOCUMENTS\SHUFFLEBOARD\BULLET\BUILD\VS2010\OBJ\X32\DEBUG\BULLETCOLLISION\BTCAPSULESHAPE.OBJ
C:\USERS\JEAN-G\DOCUMENTS\SHUFFLEBOARD\BULLET\BUILD\VS2010\OBJ\X32\DEBUG\BULLETCOLLISION\BTCONCAVESHAPE.OBJ
C:\USERS\JEAN-G\DOCUMENTS\SHUFFLEBOARD\BULLET\BUILD\VS2010\OBJ\X32\DEBUG\BULLETCOLLISION\BTCONVEXHULLSHAPE.OBJ
C:\USERS\JEAN-G\DOCUMENTS\SHUFFLEBOARD\BULLET\BUILD\VS2010\OBJ\X32\DEBUG\BULLETCOLLISION\BTHEIGHTFIELDTERRAINSHAPE.OBJ
C:\USERS\JEAN-G\DOCUMENTS\SHUFFLEBOARD\BULLET\BUILD\VS2010\OBJ\X32\DEBUG\BULLETCOLLISION\BTOPTIMIZEDBVH.OBJ
C:\USERS\JEAN-G\DOCUMENTS\SHUFFLEBOARD\BULLET\BUILD\VS2010\OBJ\X32\DEBUG\BULLETCOLLISION\BTSCALEDBVHTRIANGLEMESHSHAPE.OBJ
C:\USERS\JEAN-G\DOCUMENTS\SHUFFLEBOARD\BULLET\BUILD\VS2010\OBJ\X32\DEBUG\BULLETCOLLISION\BTTRIANGLECALLBACK.OBJ
C:\USERS\JEAN-G\DOCUMENTS\SHUFFLEBOARD\BULLET\BUILD\VS2010\OBJ\X32\DEBUG\BULLETCOLLISION\BTTRIANGLEMESH.OBJ
C:\USERS\JEAN-G\DOCUMENTS\SHUFFLEBOARD\BULLET\BUILD\VS2010\OBJ\X32\DEBUG\BULLETCOLLISION\BTGENERICPOOLALLOCATOR.OBJ
C:\USERS\JEAN-G\DOCUMENTS\SHUFFLEBOARD\BULLET\BUILD\VS2010\OBJ\X32\DEBUG\BULLETCOLLISION\BTGIMPACTQUANTIZEDBVH.OBJ
C:\USERS\JEAN-G\DOCUMENTS\SHUFFLEBOARD\BULLET\BUILD\VS2010\OBJ\X32\DEBUG\BULLETCOLLISION\GIM_BOX_SET.OBJ
C:\USERS\JEAN-G\DOCUMENTS\SHUFFLEBOARD\BULLET\BUILD\VS2010\OBJ\X32\DEBUG\BULLETCOLLISION\BTCONVEXCAST.OBJ
C:\USERS\JEAN-G\DOCUMENTS\SHUFFLEBOARD\BULLET\BUILD\VS2010\OBJ\X32\DEBUG\BULLETCOLLISION\BTGJKEPA2.OBJ
C:\USERS\JEAN-G\DOCUMENTS\SHUFFLEBOARD\BULLET\BUILD\VS2010\OBJ\X32\DEBUG\BULLETCOLLISION\BTRAYCASTCALLBACK.OBJ
C:\USERS\JEAN-G\DOCUMENTS\SHUFFLEBOARD\BULLET\LIB\BULLETCOLLISION_VS2010_DEBUG.PDB
C:\USERS\JEAN-G\GOOGLE DRIVE\SCHOOL\SEMESTER 4\GAME2005\GAMEPHYSICSTESTBEDVS2012\BULLET\LIB\BULLETCOLLISION_VS2010_DEBUG.LIB
C:\USERS\JEAN-G\DOCUMENTS\SHUFFLEBOARD\BULLET\LIB\BULLETCOLLISION_VS2010_DEBUG.LIB
C:\Users\Jean-G\Documents\ShuffleBoard\Bullet\build\vs2010\obj\x32\Debug\BulletCollision\btActivatingCollisionAlgorithm.obj
C:\Users\Jean-G\Documents\ShuffleBoard\Bullet\build\vs2010\obj\x32\Debug\BulletCollision\btAxisSweep3.obj
C:\Users\Jean-G\Documents\ShuffleBoard\Bullet\build\vs2010\obj\x32\Debug\BulletCollision\btBox2dBox2dCollisionAlgorithm.obj
C:\Users\Jean-G\Documents\ShuffleBoard\Bullet\build\vs2010\obj\x32\Debug\BulletCollision\btBox2dShape.obj
C:\Users\Jean-G\Documents\ShuffleBoard\Bullet\build\vs2010\obj\x32\Debug\BulletCollision\btBoxBoxCollisionAlgorithm.obj
C:\Users\Jean-G\Documents\ShuffleBoard\Bullet\build\vs2010\obj\x32\Debug\BulletCollision\btBoxBoxDetector.obj
C:\Users\Jean-G\Documents\ShuffleBoard\Bullet\build\vs2010\obj\x32\Debug\BulletCollision\btBoxShape.obj
C:\Users\Jean-G\Documents\ShuffleBoard\Bullet\build\vs2010\obj\x32\Debug\BulletCollision\btBroadphaseProxy.obj
C:\Users\Jean-G\Documents\ShuffleBoard\Bullet\build\vs2010\obj\x32\Debug\BulletCollision\btBvhTriangleMeshShape.obj
C:\Users\Jean-G\Documents\ShuffleBoard\Bullet\build\vs2010\obj\x32\Debug\BulletCollision\btCapsuleShape.obj
C:\Users\Jean-G\Documents\ShuffleBoard\Bullet\build\vs2010\obj\x32\Debug\BulletCollision\btCollisionAlgorithm.obj
C:\Users\Jean-G\Documents\ShuffleBoard\Bullet\build\vs2010\obj\x32\Debug\BulletCollision\btCollisionDispatcher.obj
C:\Users\Jean-G\Documents\ShuffleBoard\Bullet\build\vs2010\obj\x32\Debug\BulletCollision\btCollisionObject.obj
C:\Users\Jean-G\Documents\ShuffleBoard\Bullet\build\vs2010\obj\x32\Debug\BulletCollision\btCollisionShape.obj
C:\Users\Jean-G\Documents\ShuffleBoard\Bullet\build\vs2010\obj\x32\Debug\BulletCollision\btCollisionWorld.obj
C:\Users\Jean-G\Documents\ShuffleBoard\Bullet\build\vs2010\obj\x32\Debug\BulletCollision\btCompoundCollisionAlgorithm.obj
C:\Users\Jean-G\Documents\ShuffleBoard\Bullet\build\vs2010\obj\x32\Debug\BulletCollision\btCompoundShape.obj
C:\Users\Jean-G\Documents\ShuffleBoard\Bullet\build\vs2010\obj\x32\Debug\BulletCollision\btConcaveShape.obj
C:\Users\Jean-G\Documents\ShuffleBoard\Bullet\build\vs2010\obj\x32\Debug\BulletCollision\btConeShape.obj
C:\Users\Jean-G\Documents\ShuffleBoard\Bullet\build\vs2010\obj\x32\Debug\BulletCollision\btContactProcessing.obj
C:\Users\Jean-G\Documents\ShuffleBoard\Bullet\build\vs2010\obj\x32\Debug\BulletCollision\btContinuousConvexCollision.obj
C:\Users\Jean-G\Documents\ShuffleBoard\Bullet\build\vs2010\obj\x32\Debug\BulletCollision\btConvex2dConvex2dAlgorithm.obj
C:\Users\Jean-G\Documents\ShuffleBoard\Bullet\build\vs2010\obj\x32\Debug\BulletCollision\btConvex2dShape.obj
C:\Users\Jean-G\Documents\ShuffleBoard\Bullet\build\vs2010\obj\x32\Debug\BulletCollision\btConvexCast.obj
C:\Users\Jean-G\Documents\ShuffleBoard\Bullet\build\vs2010\obj\x32\Debug\BulletCollision\btConvexConcaveCollisionAlgorithm.obj
C:\Users\Jean-G\Documents\ShuffleBoard\Bullet\build\vs2010\obj\x32\Debug\BulletCollision\btConvexConvexAlgorithm.obj
C:\Users\Jean-G\Documents\ShuffleBoard\Bullet\build\vs2010\obj\x32\Debug\BulletCollision\btConvexHullShape.obj
C:\Users\Jean-G\Documents\ShuffleBoard\Bullet\build\vs2010\obj\x32\Debug\BulletCollision\btConvexInternalShape.obj
C:\Users\Jean-G\Documents\ShuffleBoard\Bullet\build\vs2010\obj\x32\Debug\BulletCollision\btConvexPlaneCollisionAlgorithm.obj
C:\Users\Jean-G\Documents\ShuffleBoard\Bullet\build\vs2010\obj\x32\Debug\BulletCollision\btConvexPointCloudShape.obj
C:\Users\Jean-G\Documents\ShuffleBoard\Bullet\build\vs2010\obj\x32\Debug\BulletCollision\btConvexPolyhedron.obj
C:\Users\Jean-G\Documents\ShuffleBoard\Bullet\build\vs2010\obj\x32\Debug\BulletCollision\btConvexShape.obj
C:\Users\Jean-G\Documents\ShuffleBoard\Bullet\build\vs2010\obj\x32\Debug\BulletCollision\btConvexTriangleMeshShape.obj
C:\Users\Jean-G\Documents\ShuffleBoard\Bullet\build\vs2010\obj\x32\Debug\BulletCollision\btCylinderShape.obj
C:\Users\Jean-G\Documents\ShuffleBoard\Bullet\build\vs2010\obj\x32\Debug\BulletCollision\btDbvt.obj
C:\Users\Jean-G\Documents\ShuffleBoard\Bullet\build\vs2010\obj\x32\Debug\BulletCollision\btDbvtBroadphase.obj
C:\Users\Jean-G\Documents\ShuffleBoard\Bullet\build\vs2010\obj\x32\Debug\BulletCollision\btDefaultCollisionConfiguration.obj
C:\Users\Jean-G\Documents\ShuffleBoard\Bullet\build\vs2010\obj\x32\Debug\BulletCollision\btDispatcher.obj
C:\Users\Jean-G\Documents\ShuffleBoard\Bullet\build\vs2010\obj\x32\Debug\BulletCollision\btEmptyCollisionAlgorithm.obj
C:\Users\Jean-G\Documents\ShuffleBoard\Bullet\build\vs2010\obj\x32\Debug\BulletCollision\btEmptyShape.obj
C:\Users\Jean-G\Documents\ShuffleBoard\Bullet\build\vs2010\obj\x32\Debug\BulletCollision\btGenericPoolAllocator.obj
C:\Users\Jean-G\Documents\ShuffleBoard\Bullet\build\vs2010\obj\x32\Debug\BulletCollision\btGhostObject.obj
C:\Users\Jean-G\Documents\ShuffleBoard\Bullet\build\vs2010\obj\x32\Debug\BulletCollision\btGImpactBvh.obj
C:\Users\Jean-G\Documents\ShuffleBoard\Bullet\build\vs2010\obj\x32\Debug\BulletCollision\btGImpactCollisionAlgorithm.obj
C:\Users\Jean-G\Documents\ShuffleBoard\Bullet\build\vs2010\obj\x32\Debug\BulletCollision\btGImpactQuantizedBvh.obj
C:\Users\Jean-G\Documents\ShuffleBoard\Bullet\build\vs2010\obj\x32\Debug\BulletCollision\btGImpactShape.obj
C:\Users\Jean-G\Documents\ShuffleBoard\Bullet\build\vs2010\obj\x32\Debug\BulletCollision\btGjkConvexCast.obj
C:\Users\Jean-G\Documents\ShuffleBoard\Bullet\build\vs2010\obj\x32\Debug\BulletCollision\btGjkEpa2.obj
C:\Users\Jean-G\Documents\ShuffleBoard\Bullet\build\vs2010\obj\x32\Debug\BulletCollision\btGjkEpaPenetrationDepthSolver.obj
C:\Users\Jean-G\Documents\ShuffleBoard\Bullet\build\vs2010\obj\x32\Debug\BulletCollision\btGjkPairDetector.obj
C:\Users\Jean-G\Documents\ShuffleBoard\Bullet\build\vs2010\obj\x32\Debug\BulletCollision\btHeightfieldTerrainShape.obj
C:\Users\Jean-G\Documents\ShuffleBoard\Bullet\build\vs2010\obj\x32\Debug\BulletCollision\btInternalEdgeUtility.obj
C:\Users\Jean-G\Documents\ShuffleBoard\Bullet\build\vs2010\obj\x32\Debug\BulletCollision\btManifoldResult.obj
C:\Users\Jean-G\Documents\ShuffleBoard\Bullet\build\vs2010\obj\x32\Debug\BulletCollision\btMinkowskiPenetrationDepthSolver.obj
C:\Users\Jean-G\Documents\ShuffleBoard\Bullet\build\vs2010\obj\x32\Debug\BulletCollision\btMinkowskiSumShape.obj
C:\Users\Jean-G\Documents\ShuffleBoard\Bullet\build\vs2010\obj\x32\Debug\BulletCollision\btMultimaterialTriangleMeshShape.obj
C:\Users\Jean-G\Documents\ShuffleBoard\Bullet\build\vs2010\obj\x32\Debug\BulletCollision\btMultiSapBroadphase.obj
C:\Users\Jean-G\Documents\ShuffleBoard\Bullet\build\vs2010\obj\x32\Debug\BulletCollision\btMultiSphereShape.obj
C:\Users\Jean-G\Documents\ShuffleBoard\Bullet\build\vs2010\obj\x32\Debug\BulletCollision\btOptimizedBvh.obj
C:\Users\Jean-G\Documents\ShuffleBoard\Bullet\build\vs2010\obj\x32\Debug\BulletCollision\btOverlappingPairCache.obj
C:\Users\Jean-G\Documents\ShuffleBoard\Bullet\build\vs2010\obj\x32\Debug\BulletCollision\btPersistentManifold.obj
C:\Users\Jean-G\Documents\ShuffleBoard\Bullet\build\vs2010\obj\x32\Debug\BulletCollision\btPolyhedralContactClipping.obj
C:\Users\Jean-G\Documents\ShuffleBoard\Bullet\build\vs2010\obj\x32\Debug\BulletCollision\btPolyhedralConvexShape.obj
C:\Users\Jean-G\Documents\ShuffleBoard\Bullet\build\vs2010\obj\x32\Debug\BulletCollision\btQuantizedBvh.obj
C:\Users\Jean-G\Documents\ShuffleBoard\Bullet\build\vs2010\obj\x32\Debug\BulletCollision\btRaycastCallback.obj
C:\Users\Jean-G\Documents\ShuffleBoard\Bullet\build\vs2010\obj\x32\Debug\BulletCollision\btScaledBvhTriangleMeshShape.obj
C:\Users\Jean-G\Documents\ShuffleBoard\Bullet\build\vs2010\obj\x32\Debug\BulletCollision\btShapeHull.obj
C:\Users\Jean-G\Documents\ShuffleBoard\Bullet\build\vs2010\obj\x32\Debug\BulletCollision\btSimpleBroadphase.obj
C:\Users\Jean-G\Documents\ShuffleBoard\Bullet\build\vs2010\obj\x32\Debug\BulletCollision\btSimulationIslandManager.obj
C:\Users\Jean-G\Documents\ShuffleBoard\Bullet\build\vs2010\obj\x32\Debug\BulletCollision\btSphereBoxCollisionAlgorithm.obj
C:\Users\Jean-G\Documents\ShuffleBoard\Bullet\build\vs2010\obj\x32\Debug\BulletCollision\btSphereShape.obj
C:\Users\Jean-G\Documents\ShuffleBoard\Bullet\build\vs2010\obj\x32\Debug\BulletCollision\btSphereSphereCollisionAlgorithm.obj
C:\Users\Jean-G\Documents\ShuffleBoard\Bullet\build\vs2010\obj\x32\Debug\BulletCollision\btSphereTriangleCollisionAlgorithm.obj
C:\Users\Jean-G\Documents\ShuffleBoard\Bullet\build\vs2010\obj\x32\Debug\BulletCollision\btStaticPlaneShape.obj
C:\Users\Jean-G\Documents\ShuffleBoard\Bullet\build\vs2010\obj\x32\Debug\BulletCollision\btStridingMeshInterface.obj
C:\Users\Jean-G\Documents\ShuffleBoard\Bullet\build\vs2010\obj\x32\Debug\BulletCollision\btSubSimplexConvexCast.obj
C:\Users\Jean-G\Documents\ShuffleBoard\Bullet\build\vs2010\obj\x32\Debug\BulletCollision\btTetrahedronShape.obj
C:\Users\Jean-G\Documents\ShuffleBoard\Bullet\build\vs2010\obj\x32\Debug\BulletCollision\btTriangleBuffer.obj
C:\Users\Jean-G\Documents\ShuffleBoard\Bullet\build\vs2010\obj\x32\Debug\BulletCollision\btTriangleCallback.obj
C:\Users\Jean-G\Documents\ShuffleBoard\Bullet\build\vs2010\obj\x32\Debug\BulletCollision\btTriangleIndexVertexArray.obj
C:\Users\Jean-G\Documents\ShuffleBoard\Bullet\build\vs2010\obj\x32\Debug\BulletCollision\btTriangleIndexVertexMaterialArray.obj
C:\Users\Jean-G\Documents\ShuffleBoard\Bullet\build\vs2010\obj\x32\Debug\BulletCollision\btTriangleMesh.obj
C:\Users\Jean-G\Documents\ShuffleBoard\Bullet\build\vs2010\obj\x32\Debug\BulletCollision\btTriangleMeshShape.obj
C:\Users\Jean-G\Documents\ShuffleBoard\Bullet\build\vs2010\obj\x32\Debug\BulletCollision\btTriangleShapeEx.obj
C:\Users\Jean-G\Documents\ShuffleBoard\Bullet\build\vs2010\obj\x32\Debug\BulletCollision\btUniformScalingShape.obj
C:\Users\Jean-G\Documents\ShuffleBoard\Bullet\build\vs2010\obj\x32\Debug\BulletCollision\btUnionFind.obj
C:\Users\Jean-G\Documents\ShuffleBoard\Bullet\build\vs2010\obj\x32\Debug\BulletCollision\btVoronoiSimplexSolver.obj
C:\Users\Jean-G\Documents\ShuffleBoard\Bullet\build\vs2010\obj\x32\Debug\BulletCollision\gim_box_set.obj
C:\Users\Jean-G\Documents\ShuffleBoard\Bullet\build\vs2010\obj\x32\Debug\BulletCollision\gim_contact.obj
C:\Users\Jean-G\Documents\ShuffleBoard\Bullet\build\vs2010\obj\x32\Debug\BulletCollision\gim_memory.obj
C:\Users\Jean-G\Documents\ShuffleBoard\Bullet\build\vs2010\obj\x32\Debug\BulletCollision\gim_tri_collision.obj
C:\Users\Jean-G\Documents\ShuffleBoard\Bullet\build\vs2010\obj\x32\Debug\BulletCollision\SphereTriangleDetector.obj
C:\Users\Jean-G\Documents\ShuffleBoard\Bullet\build\vs2010\obj\x32\Debug\BulletCollision\CL.4944.read.1.tlog
C:\Users\Jean-G\Documents\ShuffleBoard\Bullet\build\vs2010\obj\x32\Debug\BulletCollision\CL.4944.write.1.tlog
C:\Users\Jean-G\Documents\ShuffleBoard\Bullet\build\vs2010\obj\x32\Debug\BulletCollision\CL.5536.read.1.tlog
C:\Users\Jean-G\Documents\ShuffleBoard\Bullet\build\vs2010\obj\x32\Debug\BulletCollision\CL.5536.write.1.tlog
C:\Users\Jean-G\Documents\ShuffleBoard\Bullet\build\vs2010\obj\x32\Debug\BulletCollision\CL.5772.read.1.tlog
C:\Users\Jean-G\Documents\ShuffleBoard\Bullet\build\vs2010\obj\x32\Debug\BulletCollision\CL.5772.write.1.tlog
C:\Users\Jean-G\Documents\ShuffleBoard\Bullet\build\vs2010\obj\x32\Debug\BulletCollision\CL.5828.read.1.tlog
C:\Users\Jean-G\Documents\ShuffleBoard\Bullet\build\vs2010\obj\x32\Debug\BulletCollision\CL.5828.write.1.tlog
C:\Users\Jean-G\Documents\ShuffleBoard\Bullet\build\vs2010\obj\x32\Debug\BulletCollision\CL.7344.read.1.tlog
C:\Users\Jean-G\Documents\ShuffleBoard\Bullet\build\vs2010\obj\x32\Debug\BulletCollision\CL.7344.write.1.tlog
C:\Users\Jean-G\Documents\ShuffleBoard\Bullet\build\vs2010\obj\x32\Debug\BulletCollision\CL.8088.read.1.tlog
C:\Users\Jean-G\Documents\ShuffleBoard\Bullet\build\vs2010\obj\x32\Debug\BulletCollision\CL.8088.write.1.tlog
C:\Users\Jean-G\Documents\ShuffleBoard\Bullet\build\vs2010\obj\x32\Debug\BulletCollision\CL.8720.read.1.tlog
C:\Users\Jean-G\Documents\ShuffleBoard\Bullet\build\vs2010\obj\x32\Debug\BulletCollision\CL.8720.write.1.tlog
C:\Users\Jean-G\Documents\ShuffleBoard\Bullet\build\vs2010\obj\x32\Debug\BulletCollision\CL.9116.read.1.tlog
C:\Users\Jean-G\Documents\ShuffleBoard\Bullet\build\vs2010\obj\x32\Debug\BulletCollision\CL.9116.write.1.tlog
C:\Users\Jean-G\Documents\ShuffleBoard\Bullet\build\vs2010\obj\x32\Debug\BulletCollision\cl.command.1.tlog
C:\Users\Jean-G\Documents\ShuffleBoard\Bullet\build\vs2010\obj\x32\Debug\BulletCollision\CL.read.1.tlog
C:\Users\Jean-G\Documents\ShuffleBoard\Bullet\build\vs2010\obj\x32\Debug\BulletCollision\CL.write.1.tlog
C:\Users\Jean-G\Documents\ShuffleBoard\Bullet\build\vs2010\obj\x32\Debug\BulletCollision\Lib-link.read.1.tlog
C:\Users\Jean-G\Documents\ShuffleBoard\Bullet\build\vs2010\obj\x32\Debug\BulletCollision\Lib-link.write.1.tlog
C:\Users\Jean-G\Documents\ShuffleBoard\Bullet\build\vs2010\obj\x32\Debug\BulletCollision\lib.command.1.tlog
C:\Users\Jean-G\Documents\ShuffleBoard\Bullet\build\vs2010\..\..\lib\BulletCollision_vs2010_debug.lib
