Build started 10/04/2014 5:00:39 PM.
     1>Project "C:\Users\Jean-G\Documents\ShuffleBoard\Bullet\build\vs2010\App_BulletXmlImportDemo.vcxproj" on node 3 (Rebuild target(s)).
     1>ClCompile:
         C:\Program Files (x86)\Microsoft Visual Studio 11.0\VC\bin\CL.exe /c /I..\..\Extras\Serialize\BulletFileLoader /I..\..\Extras\Serialize\BulletXmlWorldImporter /I..\..\Extras\Serialize\BulletWorldImporter /I..\..\src /I..\..\Demos\OpenGL /I..\..\Glut /Zi /nologo /W3 /WX- /Od /Oy- /D _CRT_SECURE_NO_WARNINGS /D _CRT_SECURE_NO_DEPRECATE /D _HAS_EXCEPTIONS=0 /D GLEW_STATIC /D _MBCS /Gm- /RTC1 /MTd /GS /Gy /fp:fast /Zc:wchar_t /Zc:forScope /GR- /Fo"obj\x32\Debug\App_BulletXmlImportDemo\\" /Fd"..\..\App_BulletXmlImportDemo_vs2010_debug.pdb" /Gd /TP /analyze- /errorReport:prompt /MP ..\..\Demos\BulletXmlImportDemo\BulletXmlImportDemo.cpp ..\..\Demos\BulletXmlImportDemo\main.cpp ..\..\Demos\BulletXmlImportDemo\Win32BulletXmlImportDemo.cpp
         BulletXmlImportDemo.cpp
         main.cpp
         Win32BulletXmlImportDemo.cpp
         Note: including lib: glut32.lib
         
         Note: including lib: glut32.lib
         
       ResourceCompile:
         C:\Program Files (x86)\Windows Kits\8.0\bin\x86\rc.exe /D _CRT_SECURE_NO_WARNINGS /D _CRT_SECURE_NO_DEPRECATE /D _HAS_EXCEPTIONS=0 /D GLEW_STATIC /l"0x0409" /I..\..\Extras\Serialize\BulletFileLoader /I..\..\Extras\Serialize\BulletXmlWorldImporter /I..\..\Extras\Serialize\BulletWorldImporter /I..\..\src /I..\..\Demos\OpenGL /I..\..\Glut /nologo /fo"obj\x32\Debug\App_BulletXmlImportDemo\bullet.res" ..\bullet.rc 
       Link:
         C:\Program Files (x86)\Microsoft Visual Studio 11.0\VC\bin\link.exe /ERRORREPORT:PROMPT /OUT:"..\..\App_BulletXmlImportDemo_vs2010_debug.exe" /INCREMENTAL /NOLOGO /LIBPATH:..\..\Glut opengl32.lib glew32s.lib glut32.lib ..\..\lib\OpenGLSupport_vs2010_debug.lib ..\..\Extras\lib\BulletXmlWorldImporter_vs2010_debug.lib ..\..\Extras\lib\BulletWorldImporter_vs2010_debug.lib ..\..\Extras\lib\BulletFileLoader_vs2010_debug.lib ..\..\lib\BulletSoftBody_vs2010_debug.lib ..\..\lib\BulletDynamics_vs2010_debug.lib ..\..\lib\BulletCollision_vs2010_debug.lib ..\..\lib\LinearMath_vs2010_debug.lib kernel32.lib user32.lib gdi32.lib winspool.lib comdlg32.lib advapi32.lib shell32.lib ole32.lib oleaut32.lib uuid.lib odbc32.lib odbccp32.lib /MANIFEST /MANIFESTUAC:"level='asInvoker' uiAccess='false'" /manifest:embed /DEBUG /PDB:"..\..\App_BulletXmlImportDemo_vs2010_debug.pdb" /SUBSYSTEM:CONSOLE /TLBID:1 /ENTRY:"mainCRTStartup" /DYNAMICBASE /NXCOMPAT /IMPLIB:"..\..\App_BulletXmlImportDemo_vs2010_debug.lib" /MACHINE:X86 obj\x32\Debug\App_BulletXmlImportDemo\bullet.res
         obj\x32\Debug\App_BulletXmlImportDemo\BulletXmlImportDemo.obj
         obj\x32\Debug\App_BulletXmlImportDemo\main.obj
         obj\x32\Debug\App_BulletXmlImportDemo\Win32BulletXmlImportDemo.obj
         App_BulletXmlImportDemo.vcxproj -> C:\Users\Jean-G\Documents\ShuffleBoard\Bullet\build\vs2010\..\..\App_BulletXmlImportDemo_vs2010_debug.exe
     1>Done Building Project "C:\Users\Jean-G\Documents\ShuffleBoard\Bullet\build\vs2010\App_BulletXmlImportDemo.vcxproj" (Rebuild target(s)).

Build succeeded.

Time Elapsed 00:00:20.96
