C:\USERS\JEAN-G\DOCUMENTS\SHUFFLEBOARD\BULLET\BUILD\VS2010\OBJ\X32\DEBUG\APP_GENERICJOINTDEMO\GENERICJOINTDEMO.OBJ
C:\USERS\JEAN-G\DOCUMENTS\SHUFFLEBOARD\BULLET\BUILD\VS2010\OBJ\X32\DEBUG\APP_GENERICJOINTDEMO\RAGDOLL.OBJ
C:\USERS\JEAN-G\DOCUMENTS\SHUFFLEBOARD\BULLET\BUILD\VS2010\OBJ\X32\DEBUG\APP_GENERICJOINTDEMO\MAIN.OBJ
C:\USERS\JEAN-G\DOCUMENTS\SHUFFLEBOARD\BULLET\BUILD\VS2010\OBJ\X32\DEBUG\APP_GENERICJOINTDEMO\WIN32GENERICJOINTDEMO.OBJ
C:\USERS\JEAN-G\DOCUMENTS\SHUFFLEBOARD\BULLET\APP_GENERICJOINTDEMO_VS2010_DEBUG.PDB
C:\USERS\JEAN-G\DOCUMENTS\SHUFFLEBOARD\BULLET\BUILD\VS2010\OBJ\X32\DEBUG\APP_GENERICJOINTDEMO\BULLET.RES
C:\Users\Jean-G\Documents\ShuffleBoard\Bullet\build\vs2010\obj\x32\Debug\App_GenericJointDemo\GenericJointDemo.obj
C:\Users\Jean-G\Documents\ShuffleBoard\Bullet\build\vs2010\obj\x32\Debug\App_GenericJointDemo\main.obj
C:\Users\Jean-G\Documents\ShuffleBoard\Bullet\build\vs2010\obj\x32\Debug\App_GenericJointDemo\Ragdoll.obj
C:\Users\Jean-G\Documents\ShuffleBoard\Bullet\build\vs2010\obj\x32\Debug\App_GenericJointDemo\Win32GenericJointDemo.obj
C:\Users\Jean-G\Documents\ShuffleBoard\Bullet\build\vs2010\obj\x32\Debug\App_GenericJointDemo\CL.4332.read.1.tlog
C:\Users\Jean-G\Documents\ShuffleBoard\Bullet\build\vs2010\obj\x32\Debug\App_GenericJointDemo\CL.4332.write.1.tlog
C:\Users\Jean-G\Documents\ShuffleBoard\Bullet\build\vs2010\obj\x32\Debug\App_GenericJointDemo\CL.7676.read.1.tlog
C:\Users\Jean-G\Documents\ShuffleBoard\Bullet\build\vs2010\obj\x32\Debug\App_GenericJointDemo\CL.7676.write.1.tlog
C:\Users\Jean-G\Documents\ShuffleBoard\Bullet\build\vs2010\obj\x32\Debug\App_GenericJointDemo\CL.8136.read.1.tlog
C:\Users\Jean-G\Documents\ShuffleBoard\Bullet\build\vs2010\obj\x32\Debug\App_GenericJointDemo\CL.8136.write.1.tlog
C:\Users\Jean-G\Documents\ShuffleBoard\Bullet\build\vs2010\obj\x32\Debug\App_GenericJointDemo\CL.9200.read.1.tlog
C:\Users\Jean-G\Documents\ShuffleBoard\Bullet\build\vs2010\obj\x32\Debug\App_GenericJointDemo\CL.9200.write.1.tlog
C:\Users\Jean-G\Documents\ShuffleBoard\Bullet\build\vs2010\obj\x32\Debug\App_GenericJointDemo\cl.command.1.tlog
C:\Users\Jean-G\Documents\ShuffleBoard\Bullet\build\vs2010\obj\x32\Debug\App_GenericJointDemo\CL.read.1.tlog
C:\Users\Jean-G\Documents\ShuffleBoard\Bullet\build\vs2010\obj\x32\Debug\App_GenericJointDemo\CL.write.1.tlog
C:\Users\Jean-G\Documents\ShuffleBoard\Bullet\build\vs2010\obj\x32\Debug\App_GenericJointDemo\link-cvtres.read.1.tlog
C:\Users\Jean-G\Documents\ShuffleBoard\Bullet\build\vs2010\obj\x32\Debug\App_GenericJointDemo\link-cvtres.write.1.tlog
C:\Users\Jean-G\Documents\ShuffleBoard\Bullet\build\vs2010\obj\x32\Debug\App_GenericJointDemo\link-rc.read.1.tlog
C:\Users\Jean-G\Documents\ShuffleBoard\Bullet\build\vs2010\obj\x32\Debug\App_GenericJointDemo\link-rc.write.1.tlog
C:\Users\Jean-G\Documents\ShuffleBoard\Bullet\build\vs2010\obj\x32\Debug\App_GenericJointDemo\link.command.1.tlog
C:\Users\Jean-G\Documents\ShuffleBoard\Bullet\build\vs2010\obj\x32\Debug\App_GenericJointDemo\link.read.1.tlog
C:\Users\Jean-G\Documents\ShuffleBoard\Bullet\build\vs2010\obj\x32\Debug\App_GenericJointDemo\link.write.1.tlog
C:\Users\Jean-G\Documents\ShuffleBoard\Bullet\build\vs2010\obj\x32\Debug\App_GenericJointDemo\rc.command.1.tlog
C:\Users\Jean-G\Documents\ShuffleBoard\Bullet\build\vs2010\obj\x32\Debug\App_GenericJointDemo\rc.read.1.tlog
C:\Users\Jean-G\Documents\ShuffleBoard\Bullet\build\vs2010\obj\x32\Debug\App_GenericJointDemo\rc.write.1.tlog
C:\Users\Jean-G\Documents\ShuffleBoard\Bullet\build\vs2010\obj\x32\Debug\App_GenericJointDemo\bullet.res
