Build started 10/04/2014 4:52:43 PM.
     1>Project "C:\Users\Jean-G\Documents\ShuffleBoard\Bullet\build\vs2010\BulletDynamics.vcxproj" on node 2 (Rebuild target(s)).
     1>ClCompile:
         C:\Program Files (x86)\Microsoft Visual Studio 11.0\VC\bin\CL.exe /c /I..\..\src /nologo /W3 /WX- /Ox /Oy- /D _CRT_SECURE_NO_WARNINGS /D _CRT_SECURE_NO_DEPRECATE /D _HAS_EXCEPTIONS=0 /D _MBCS /GF /Gm- /MT /GS /Gy /fp:fast /Zc:wchar_t /Zc:forScope /GR- /Fo"obj\x32\Release\BulletDynamics\\" /Fd"obj\x32\Release\BulletDynamics\vc110.pdb" /Gd /TP /analyze- /errorReport:prompt /MP ..\..\src\BulletDynamics\Character\btKinematicCharacterController.cpp ..\..\src\BulletDynamics\ConstraintSolver\btConeTwistConstraint.cpp ..\..\src\BulletDynamics\ConstraintSolver\btContactConstraint.cpp ..\..\src\BulletDynamics\ConstraintSolver\btGearConstraint.cpp ..\..\src\BulletDynamics\ConstraintSolver\btGeneric6DofConstraint.cpp ..\..\src\BulletDynamics\ConstraintSolver\btGeneric6DofSpringConstraint.cpp ..\..\src\BulletDynamics\ConstraintSolver\btHinge2Constraint.cpp ..\..\src\BulletDynamics\ConstraintSolver\btHingeConstraint.cpp ..\..\src\BulletDynamics\ConstraintSolver\btPoint2PointConstraint.cpp ..\..\src\BulletDynamics\ConstraintSolver\btSequentialImpulseConstraintSolver.cpp ..\..\src\BulletDynamics\ConstraintSolver\btSliderConstraint.cpp ..\..\src\BulletDynamics\ConstraintSolver\btSolve2LinearConstraint.cpp ..\..\src\BulletDynamics\ConstraintSolver\btTypedConstraint.cpp ..\..\src\BulletDynamics\ConstraintSolver\btUniversalConstraint.cpp ..\..\src\BulletDynamics\Dynamics\btDiscreteDynamicsWorld.cpp ..\..\src\BulletDynamics\Dynamics\btRigidBody.cpp ..\..\src\BulletDynamics\Dynamics\btSimpleDynamicsWorld.cpp "..\..\src\BulletDynamics\Dynamics\Bullet-C-API.cpp" ..\..\src\BulletDynamics\Vehicle\btRaycastVehicle.cpp ..\..\src\BulletDynamics\Vehicle\btWheelInfo.cpp
         btKinematicCharacterController.cpp
         btConeTwistConstraint.cpp
         btContactConstraint.cpp
         btGearConstraint.cpp
         btGeneric6DofConstraint.cpp
         btGeneric6DofSpringConstraint.cpp
         btHinge2Constraint.cpp
         btHingeConstraint.cpp
         btPoint2PointConstraint.cpp
         btSequentialImpulseConstraintSolver.cpp
         btSliderConstraint.cpp
         btSolve2LinearConstraint.cpp
         btTypedConstraint.cpp
         btUniversalConstraint.cpp
         btDiscreteDynamicsWorld.cpp
         btRigidBody.cpp
         btSimpleDynamicsWorld.cpp
         Bullet-C-API.cpp
         btRaycastVehicle.cpp
         btWheelInfo.cpp
       Lib:
         C:\Program Files (x86)\Microsoft Visual Studio 11.0\VC\bin\Lib.exe /OUT:"..\..\lib\BulletDynamics_vs2010.lib" /NOLOGO /MACHINE:X86 obj\x32\Release\BulletDynamics\btKinematicCharacterController.obj
         obj\x32\Release\BulletDynamics\btConeTwistConstraint.obj
         obj\x32\Release\BulletDynamics\btContactConstraint.obj
         obj\x32\Release\BulletDynamics\btGearConstraint.obj
         obj\x32\Release\BulletDynamics\btGeneric6DofConstraint.obj
         obj\x32\Release\BulletDynamics\btGeneric6DofSpringConstraint.obj
         obj\x32\Release\BulletDynamics\btHinge2Constraint.obj
         obj\x32\Release\BulletDynamics\btHingeConstraint.obj
         obj\x32\Release\BulletDynamics\btPoint2PointConstraint.obj
         obj\x32\Release\BulletDynamics\btSequentialImpulseConstraintSolver.obj
         obj\x32\Release\BulletDynamics\btSliderConstraint.obj
         obj\x32\Release\BulletDynamics\btSolve2LinearConstraint.obj
         obj\x32\Release\BulletDynamics\btTypedConstraint.obj
         obj\x32\Release\BulletDynamics\btUniversalConstraint.obj
         obj\x32\Release\BulletDynamics\btDiscreteDynamicsWorld.obj
         obj\x32\Release\BulletDynamics\btRigidBody.obj
         obj\x32\Release\BulletDynamics\btSimpleDynamicsWorld.obj
         "obj\x32\Release\BulletDynamics\Bullet-C-API.obj"
         obj\x32\Release\BulletDynamics\btRaycastVehicle.obj
         obj\x32\Release\BulletDynamics\btWheelInfo.obj
         BulletDynamics.vcxproj -> C:\Users\Jean-G\Documents\ShuffleBoard\Bullet\build\vs2010\..\..\lib\BulletDynamics_vs2010.lib
     1>Done Building Project "C:\Users\Jean-G\Documents\ShuffleBoard\Bullet\build\vs2010\BulletDynamics.vcxproj" (Rebuild target(s)).

Build succeeded.

Time Elapsed 00:00:22.21
