C:\USERS\JEAN-G\GOOGLE DRIVE\SCHOOL\SEMESTER 4\GAME2005\GAMEPHYSICSTESTBEDVS2012\BULLET\BUILD\VS2010\OBJ\X32\DEBUG\BULLETDYNAMICS\BTCONTACTCONSTRAINT.OBJ
C:\USERS\JEAN-G\GOOGLE DRIVE\SCHOOL\SEMESTER 4\GAME2005\GAMEPHYSICSTESTBEDVS2012\BULLET\BUILD\VS2010\OBJ\X32\DEBUG\BULLETDYNAMICS\BTGENERIC6DOFCONSTRAINT.OBJ
C:\USERS\JEAN-G\GOOGLE DRIVE\SCHOOL\SEMESTER 4\GAME2005\GAMEPHYSICSTESTBEDVS2012\BULLET\BUILD\VS2010\OBJ\X32\DEBUG\BULLETDYNAMICS\BTHINGECONSTRAINT.OBJ
C:\USERS\JEAN-G\GOOGLE DRIVE\SCHOOL\SEMESTER 4\GAME2005\GAMEPHYSICSTESTBEDVS2012\BULLET\BUILD\VS2010\OBJ\X32\DEBUG\BULLETDYNAMICS\BTTYPEDCONSTRAINT.OBJ
C:\USERS\JEAN-G\GOOGLE DRIVE\SCHOOL\SEMESTER 4\GAME2005\GAMEPHYSICSTESTBEDVS2012\BULLET\BUILD\VS2010\OBJ\X32\DEBUG\BULLETDYNAMICS\BTSIMPLEDYNAMICSWORLD.OBJ
C:\USERS\JEAN-G\GOOGLE DRIVE\SCHOOL\SEMESTER 4\GAME2005\GAMEPHYSICSTESTBEDVS2012\BULLET\BUILD\VS2010\OBJ\X32\DEBUG\BULLETDYNAMICS\BTWHEELINFO.OBJ
C:\USERS\JEAN-G\GOOGLE DRIVE\SCHOOL\SEMESTER 4\GAME2005\GAMEPHYSICSTESTBEDVS2012\BULLET\BUILD\VS2010\OBJ\X32\DEBUG\BULLETDYNAMICS\BTKINEMATICCHARACTERCONTROLLER.OBJ
C:\USERS\JEAN-G\GOOGLE DRIVE\SCHOOL\SEMESTER 4\GAME2005\GAMEPHYSICSTESTBEDVS2012\BULLET\BUILD\VS2010\OBJ\X32\DEBUG\BULLETDYNAMICS\BTSEQUENTIALIMPULSECONSTRAINTSOLVER.OBJ
C:\USERS\JEAN-G\GOOGLE DRIVE\SCHOOL\SEMESTER 4\GAME2005\GAMEPHYSICSTESTBEDVS2012\BULLET\BUILD\VS2010\OBJ\X32\DEBUG\BULLETDYNAMICS\BTDISCRETEDYNAMICSWORLD.OBJ
C:\USERS\JEAN-G\GOOGLE DRIVE\SCHOOL\SEMESTER 4\GAME2005\GAMEPHYSICSTESTBEDVS2012\BULLET\BUILD\VS2010\OBJ\X32\DEBUG\BULLETDYNAMICS\BTGEARCONSTRAINT.OBJ
C:\USERS\JEAN-G\GOOGLE DRIVE\SCHOOL\SEMESTER 4\GAME2005\GAMEPHYSICSTESTBEDVS2012\BULLET\BUILD\VS2010\OBJ\X32\DEBUG\BULLETDYNAMICS\BTHINGE2CONSTRAINT.OBJ
C:\USERS\JEAN-G\GOOGLE DRIVE\SCHOOL\SEMESTER 4\GAME2005\GAMEPHYSICSTESTBEDVS2012\BULLET\BUILD\VS2010\OBJ\X32\DEBUG\BULLETDYNAMICS\BTSLIDERCONSTRAINT.OBJ
C:\USERS\JEAN-G\GOOGLE DRIVE\SCHOOL\SEMESTER 4\GAME2005\GAMEPHYSICSTESTBEDVS2012\BULLET\BUILD\VS2010\OBJ\X32\DEBUG\BULLETDYNAMICS\BTRIGIDBODY.OBJ
C:\USERS\JEAN-G\GOOGLE DRIVE\SCHOOL\SEMESTER 4\GAME2005\GAMEPHYSICSTESTBEDVS2012\BULLET\BUILD\VS2010\OBJ\X32\DEBUG\BULLETDYNAMICS\BTRAYCASTVEHICLE.OBJ
C:\USERS\JEAN-G\GOOGLE DRIVE\SCHOOL\SEMESTER 4\GAME2005\GAMEPHYSICSTESTBEDVS2012\BULLET\BUILD\VS2010\OBJ\X32\DEBUG\BULLETDYNAMICS\BTCONETWISTCONSTRAINT.OBJ
C:\USERS\JEAN-G\GOOGLE DRIVE\SCHOOL\SEMESTER 4\GAME2005\GAMEPHYSICSTESTBEDVS2012\BULLET\BUILD\VS2010\OBJ\X32\DEBUG\BULLETDYNAMICS\BTGENERIC6DOFSPRINGCONSTRAINT.OBJ
C:\USERS\JEAN-G\GOOGLE DRIVE\SCHOOL\SEMESTER 4\GAME2005\GAMEPHYSICSTESTBEDVS2012\BULLET\BUILD\VS2010\OBJ\X32\DEBUG\BULLETDYNAMICS\BTPOINT2POINTCONSTRAINT.OBJ
C:\USERS\JEAN-G\GOOGLE DRIVE\SCHOOL\SEMESTER 4\GAME2005\GAMEPHYSICSTESTBEDVS2012\BULLET\BUILD\VS2010\OBJ\X32\DEBUG\BULLETDYNAMICS\BTSOLVE2LINEARCONSTRAINT.OBJ
C:\USERS\JEAN-G\GOOGLE DRIVE\SCHOOL\SEMESTER 4\GAME2005\GAMEPHYSICSTESTBEDVS2012\BULLET\BUILD\VS2010\OBJ\X32\DEBUG\BULLETDYNAMICS\BTUNIVERSALCONSTRAINT.OBJ
C:\USERS\JEAN-G\GOOGLE DRIVE\SCHOOL\SEMESTER 4\GAME2005\GAMEPHYSICSTESTBEDVS2012\BULLET\BUILD\VS2010\OBJ\X32\DEBUG\BULLETDYNAMICS\BULLET-C-API.OBJ
C:\USERS\JEAN-G\GOOGLE DRIVE\SCHOOL\SEMESTER 4\GAME2005\GAMEPHYSICSTESTBEDVS2012\BULLET\LIB\BULLETDYNAMICS_VS2010_DEBUG.PDB
C:\USERS\JEAN-G\GOOGLE DRIVE\SCHOOL\SEMESTER 4\GAME2005\GAMEPHYSICSTESTBEDVS2012\BULLET\LIB\BULLETDYNAMICS_VS2010_DEBUG.LIB
C:\Users\Jean-G\Google Drive\School\Semester 4\GAME2005\GamePhysicsTestBedVS2012\Bullet\build\vs2010\obj\x32\Debug\BulletDynamics\btConeTwistConstraint.obj
C:\Users\Jean-G\Google Drive\School\Semester 4\GAME2005\GamePhysicsTestBedVS2012\Bullet\build\vs2010\obj\x32\Debug\BulletDynamics\btContactConstraint.obj
C:\Users\Jean-G\Google Drive\School\Semester 4\GAME2005\GamePhysicsTestBedVS2012\Bullet\build\vs2010\obj\x32\Debug\BulletDynamics\btDiscreteDynamicsWorld.obj
C:\Users\Jean-G\Google Drive\School\Semester 4\GAME2005\GamePhysicsTestBedVS2012\Bullet\build\vs2010\obj\x32\Debug\BulletDynamics\btGearConstraint.obj
C:\Users\Jean-G\Google Drive\School\Semester 4\GAME2005\GamePhysicsTestBedVS2012\Bullet\build\vs2010\obj\x32\Debug\BulletDynamics\btGeneric6DofConstraint.obj
C:\Users\Jean-G\Google Drive\School\Semester 4\GAME2005\GamePhysicsTestBedVS2012\Bullet\build\vs2010\obj\x32\Debug\BulletDynamics\btGeneric6DofSpringConstraint.obj
C:\Users\Jean-G\Google Drive\School\Semester 4\GAME2005\GamePhysicsTestBedVS2012\Bullet\build\vs2010\obj\x32\Debug\BulletDynamics\btHinge2Constraint.obj
C:\Users\Jean-G\Google Drive\School\Semester 4\GAME2005\GamePhysicsTestBedVS2012\Bullet\build\vs2010\obj\x32\Debug\BulletDynamics\btHingeConstraint.obj
C:\Users\Jean-G\Google Drive\School\Semester 4\GAME2005\GamePhysicsTestBedVS2012\Bullet\build\vs2010\obj\x32\Debug\BulletDynamics\btKinematicCharacterController.obj
C:\Users\Jean-G\Google Drive\School\Semester 4\GAME2005\GamePhysicsTestBedVS2012\Bullet\build\vs2010\obj\x32\Debug\BulletDynamics\btPoint2PointConstraint.obj
C:\Users\Jean-G\Google Drive\School\Semester 4\GAME2005\GamePhysicsTestBedVS2012\Bullet\build\vs2010\obj\x32\Debug\BulletDynamics\btRaycastVehicle.obj
C:\Users\Jean-G\Google Drive\School\Semester 4\GAME2005\GamePhysicsTestBedVS2012\Bullet\build\vs2010\obj\x32\Debug\BulletDynamics\btRigidBody.obj
C:\Users\Jean-G\Google Drive\School\Semester 4\GAME2005\GamePhysicsTestBedVS2012\Bullet\build\vs2010\obj\x32\Debug\BulletDynamics\btSequentialImpulseConstraintSolver.obj
C:\Users\Jean-G\Google Drive\School\Semester 4\GAME2005\GamePhysicsTestBedVS2012\Bullet\build\vs2010\obj\x32\Debug\BulletDynamics\btSimpleDynamicsWorld.obj
C:\Users\Jean-G\Google Drive\School\Semester 4\GAME2005\GamePhysicsTestBedVS2012\Bullet\build\vs2010\obj\x32\Debug\BulletDynamics\btSliderConstraint.obj
C:\Users\Jean-G\Google Drive\School\Semester 4\GAME2005\GamePhysicsTestBedVS2012\Bullet\build\vs2010\obj\x32\Debug\BulletDynamics\btSolve2LinearConstraint.obj
C:\Users\Jean-G\Google Drive\School\Semester 4\GAME2005\GamePhysicsTestBedVS2012\Bullet\build\vs2010\obj\x32\Debug\BulletDynamics\btTypedConstraint.obj
C:\Users\Jean-G\Google Drive\School\Semester 4\GAME2005\GamePhysicsTestBedVS2012\Bullet\build\vs2010\obj\x32\Debug\BulletDynamics\btUniversalConstraint.obj
C:\Users\Jean-G\Google Drive\School\Semester 4\GAME2005\GamePhysicsTestBedVS2012\Bullet\build\vs2010\obj\x32\Debug\BulletDynamics\btWheelInfo.obj
C:\Users\Jean-G\Google Drive\School\Semester 4\GAME2005\GamePhysicsTestBedVS2012\Bullet\build\vs2010\obj\x32\Debug\BulletDynamics\Bullet-C-API.obj
C:\Users\Jean-G\Google Drive\School\Semester 4\GAME2005\GamePhysicsTestBedVS2012\Bullet\build\vs2010\obj\x32\Debug\BulletDynamics\CL.1072.read.1.tlog
C:\Users\Jean-G\Google Drive\School\Semester 4\GAME2005\GamePhysicsTestBedVS2012\Bullet\build\vs2010\obj\x32\Debug\BulletDynamics\CL.1072.write.1.tlog
C:\Users\Jean-G\Google Drive\School\Semester 4\GAME2005\GamePhysicsTestBedVS2012\Bullet\build\vs2010\obj\x32\Debug\BulletDynamics\CL.3892.read.1.tlog
C:\Users\Jean-G\Google Drive\School\Semester 4\GAME2005\GamePhysicsTestBedVS2012\Bullet\build\vs2010\obj\x32\Debug\BulletDynamics\CL.3892.write.1.tlog
C:\Users\Jean-G\Google Drive\School\Semester 4\GAME2005\GamePhysicsTestBedVS2012\Bullet\build\vs2010\obj\x32\Debug\BulletDynamics\CL.5536.read.1.tlog
C:\Users\Jean-G\Google Drive\School\Semester 4\GAME2005\GamePhysicsTestBedVS2012\Bullet\build\vs2010\obj\x32\Debug\BulletDynamics\CL.5536.write.1.tlog
C:\Users\Jean-G\Google Drive\School\Semester 4\GAME2005\GamePhysicsTestBedVS2012\Bullet\build\vs2010\obj\x32\Debug\BulletDynamics\CL.9196.read.1.tlog
C:\Users\Jean-G\Google Drive\School\Semester 4\GAME2005\GamePhysicsTestBedVS2012\Bullet\build\vs2010\obj\x32\Debug\BulletDynamics\CL.9196.write.1.tlog
C:\Users\Jean-G\Google Drive\School\Semester 4\GAME2005\GamePhysicsTestBedVS2012\Bullet\build\vs2010\obj\x32\Debug\BulletDynamics\cl.command.1.tlog
C:\Users\Jean-G\Google Drive\School\Semester 4\GAME2005\GamePhysicsTestBedVS2012\Bullet\build\vs2010\obj\x32\Debug\BulletDynamics\CL.read.1.tlog
C:\Users\Jean-G\Google Drive\School\Semester 4\GAME2005\GamePhysicsTestBedVS2012\Bullet\build\vs2010\obj\x32\Debug\BulletDynamics\CL.write.1.tlog
C:\Users\Jean-G\Google Drive\School\Semester 4\GAME2005\GamePhysicsTestBedVS2012\Bullet\build\vs2010\obj\x32\Debug\BulletDynamics\Lib-link.read.1.tlog
C:\Users\Jean-G\Google Drive\School\Semester 4\GAME2005\GamePhysicsTestBedVS2012\Bullet\build\vs2010\obj\x32\Debug\BulletDynamics\Lib-link.write.1.tlog
C:\Users\Jean-G\Google Drive\School\Semester 4\GAME2005\GamePhysicsTestBedVS2012\Bullet\build\vs2010\obj\x32\Debug\BulletDynamics\lib.command.1.tlog
C:\Users\Jean-G\Google Drive\School\Semester 4\GAME2005\GamePhysicsTestBedVS2012\Bullet\build\vs2010\..\..\lib\BulletDynamics_vs2010_debug.lib
