C:\USERS\JEAN-G\DOCUMENTS\GIT\SHUFFLEBOARD\MESHENTITYDEMO\MESHENTITYDEMO\RELEASE\TITLESCREENSTATE.OBJ
C:\USERS\JEAN-G\DOCUMENTS\GIT\SHUFFLEBOARD\MESHENTITYDEMO\MESHENTITYDEMO\RELEASE\SHUFFLEBOARDGAME.OBJ
C:\USERS\JEAN-G\DOCUMENTS\GIT\SHUFFLEBOARD\MESHENTITYDEMO\MESHENTITYDEMO\RELEASE\ROCK.OBJ
C:\USERS\JEAN-G\DOCUMENTS\GIT\SHUFFLEBOARD\MESHENTITYDEMO\MESHENTITYDEMO\RELEASE\INGAMESTATE.OBJ
C:\USERS\JEAN-G\DOCUMENTS\GIT\SHUFFLEBOARD\MESHENTITYDEMO\MESHENTITYDEMO\RELEASE\GAMEOBJECT.OBJ
C:\USERS\JEAN-G\DOCUMENTS\GIT\SHUFFLEBOARD\MESHENTITYDEMO\MESHENTITYDEMO\RELEASE\GAMEMANAGER.OBJ
C:\USERS\JEAN-G\DOCUMENTS\GIT\SHUFFLEBOARD\MESHENTITYDEMO\MESHENTITYDEMO\RELEASE\MAIN.OBJ
C:\USERS\JEAN-G\DOCUMENTS\GIT\SHUFFLEBOARD\MESHENTITYDEMO\MESHENTITYDEMO\RELEASE\VC110.PDB
C:\USERS\JEAN-G\DOCUMENTS\GIT\SHUFFLEBOARD\MESHENTITYDEMO\BIN\MESHENTITYDEMO.EXE
C:\USERS\JEAN-G\DOCUMENTS\GIT\SHUFFLEBOARD\MESHENTITYDEMO\BIN\MESHENTITYDEMO.PDB
C:\Users\Jean-G\Documents\Git\Shuffleboard\MeshEntityDemo\MeshEntityDemo\Release\GameManager.obj
C:\Users\Jean-G\Documents\Git\Shuffleboard\MeshEntityDemo\MeshEntityDemo\Release\GameObject.obj
C:\Users\Jean-G\Documents\Git\Shuffleboard\MeshEntityDemo\MeshEntityDemo\Release\InGameState.obj
C:\Users\Jean-G\Documents\Git\Shuffleboard\MeshEntityDemo\MeshEntityDemo\Release\main.obj
C:\Users\Jean-G\Documents\Git\Shuffleboard\MeshEntityDemo\MeshEntityDemo\Release\Rock.obj
C:\Users\Jean-G\Documents\Git\Shuffleboard\MeshEntityDemo\MeshEntityDemo\Release\ShuffleBoardGame.obj
C:\Users\Jean-G\Documents\Git\Shuffleboard\MeshEntityDemo\MeshEntityDemo\Release\TitleScreenState.obj
C:\Users\Jean-G\Documents\Git\Shuffleboard\MeshEntityDemo\MeshEntityDemo\Release\cl.command.1.tlog
C:\Users\Jean-G\Documents\Git\Shuffleboard\MeshEntityDemo\MeshEntityDemo\Release\CL.read.1.tlog
C:\Users\Jean-G\Documents\Git\Shuffleboard\MeshEntityDemo\MeshEntityDemo\Release\CL.write.1.tlog
C:\Users\Jean-G\Documents\Git\Shuffleboard\MeshEntityDemo\MeshEntityDemo\Release\link-cvtres.read.1.tlog
C:\Users\Jean-G\Documents\Git\Shuffleboard\MeshEntityDemo\MeshEntityDemo\Release\link-cvtres.write.1.tlog
C:\Users\Jean-G\Documents\Git\Shuffleboard\MeshEntityDemo\MeshEntityDemo\Release\link-rc.read.1.tlog
C:\Users\Jean-G\Documents\Git\Shuffleboard\MeshEntityDemo\MeshEntityDemo\Release\link-rc.write.1.tlog
C:\Users\Jean-G\Documents\Git\Shuffleboard\MeshEntityDemo\MeshEntityDemo\Release\link.command.1.tlog
C:\Users\Jean-G\Documents\Git\Shuffleboard\MeshEntityDemo\MeshEntityDemo\Release\link.read.1.tlog
C:\Users\Jean-G\Documents\Git\Shuffleboard\MeshEntityDemo\MeshEntityDemo\Release\link.write.1.tlog
C:\Users\Jean-G\Documents\Git\Shuffleboard\MeshEntityDemo\MeshEntityDemo\Release\vc110.pdb
C:\Users\Jean-G\Documents\Git\Shuffleboard\MeshEntityDemo\MeshEntityDemo\..\bin\MeshEntityDemo.pdb
C:\Users\Jean-G\Documents\Git\Shuffleboard\MeshEntityDemo\MeshEntityDemo\..\bin\MeshEntityDemo.exe
