Build started 15/04/2014 11:14:59 PM.
     1>Project "C:\Users\Jean-G\Documents\Git\Shuffleboard\MeshEntityDemo\MeshEntityDemo\MeshEntityDemo.vcxproj" on node 2 (Rebuild target(s)).
     1>ClCompile:
         C:\Program Files (x86)\Microsoft Visual Studio 11.0\VC\bin\CL.exe /c /Zi /nologo /W3 /WX- /O2 /Oi /Oy- /GL /D WIN32 /D _WINDOWS /D _NOAUDIO /D _UNICODE /D UNICODE /Gm- /EHsc /MT /GS /Gy /fp:precise /Zc:wchar_t /Zc:forScope /Fo"Release\\" /Fd"Release\vc110.pdb" /Gd /TP /analyze- /errorReport:prompt ..\main.cpp GameManager.cpp GameObject.cpp InGameState.cpp Rock.cpp ShuffleBoardGame.cpp TitleScreenState.cpp
         main.cpp
         State is included
     1>..\main.cpp(67): warning C4244: 'return' : conversion from 'time_t' to 'int', possible loss of data
         GameManager.cpp
         GameObject.cpp
         InGameState.cpp
         State is included
     1>InGameState.cpp(28): warning C4244: 'argument' : conversion from 'double' to 'float', possible loss of data
     1>InGameState.cpp(171): warning C4244: 'argument' : conversion from 'DWORD' to 'float', possible loss of data
     1>InGameState.cpp(175): warning C4244: 'argument' : conversion from 'double' to 'float', possible loss of data
         Rock.cpp
     1>Rock.cpp(7): warning C4305: 'argument' : truncation from 'double' to 'const btScalar'
     1>Rock.cpp(10): warning C4244: '=' : conversion from 'double' to 'float', possible loss of data
     1>Rock.cpp(11): warning C4244: '=' : conversion from 'double' to 'float', possible loss of data
     1>Rock.cpp(12): warning C4244: '=' : conversion from 'double' to 'float', possible loss of data
         ShuffleBoardGame.cpp
         TitleScreenState.cpp
         State is included
     1>TitleScreenState.cpp(72): warning C4244: 'argument' : conversion from 'double' to 'float', possible loss of data
     1>TitleScreenState.cpp(73): warning C4244: 'argument' : conversion from 'double' to 'float', possible loss of data
       Link:
         C:\Program Files (x86)\Microsoft Visual Studio 11.0\VC\bin\link.exe /ERRORREPORT:PROMPT /OUT:"C:\Users\Jean-G\Documents\Git\Shuffleboard\MeshEntityDemo\MeshEntityDemo\..\bin\MeshEntityDemo.exe" /INCREMENTAL:NO /NOLOGO fmodex_vc.lib BulletCollision_vs2010.lib BulletDynamics_vs2010.lib LinearMath_vs2010.lib ..\..\Engine\lib\Advanced2D.lib d3d9.lib d3dx9.lib dinput8.lib dxguid.lib winmm.lib xinput.lib Strmiids.lib kernel32.lib user32.lib gdi32.lib winspool.lib comdlg32.lib advapi32.lib shell32.lib ole32.lib oleaut32.lib uuid.lib odbc32.lib odbccp32.lib /MANIFEST /MANIFESTUAC:"level='asInvoker' uiAccess='false'" /manifest:embed /DEBUG /PDB:"C:\Users\Jean-G\Documents\Git\Shuffleboard\MeshEntityDemo\MeshEntityDemo\..\bin\MeshEntityDemo.pdb" /SUBSYSTEM:WINDOWS /OPT:REF /OPT:ICF /LTCG /TLBID:1 /DYNAMICBASE /NXCOMPAT /IMPLIB:"C:\Users\Jean-G\Documents\Git\Shuffleboard\MeshEntityDemo\MeshEntityDemo\..\bin\MeshEntityDemo.lib" /MACHINE:X86 /SAFESEH Release\main.obj
         Release\GameManager.obj
         Release\GameObject.obj
         Release\InGameState.obj
         Release\Rock.obj
         Release\ShuffleBoardGame.obj
         Release\TitleScreenState.obj
         Generating code
         Finished generating code
         MeshEntityDemo.vcxproj -> C:\Users\Jean-G\Documents\Git\Shuffleboard\MeshEntityDemo\MeshEntityDemo\..\bin\MeshEntityDemo.exe
     1>Done Building Project "C:\Users\Jean-G\Documents\Git\Shuffleboard\MeshEntityDemo\MeshEntityDemo\MeshEntityDemo.vcxproj" (Rebuild target(s)).

Build succeeded.

Time Elapsed 00:00:17.79
