C:\USERS\JEAN-G\GOOGLE DRIVE\SCHOOL\SEMESTER 4\GAME2005\GAMEPHYSICSTESTBEDVS2012\BULLET\BUILD\VS2010\OBJ\X32\DEBUG\LINEARMATH\BTGEOMETRYUTIL.OBJ
C:\USERS\JEAN-G\GOOGLE DRIVE\SCHOOL\SEMESTER 4\GAME2005\GAMEPHYSICSTESTBEDVS2012\BULLET\BUILD\VS2010\OBJ\X32\DEBUG\LINEARMATH\BTQUICKPROF.OBJ
C:\USERS\JEAN-G\GOOGLE DRIVE\SCHOOL\SEMESTER 4\GAME2005\GAMEPHYSICSTESTBEDVS2012\BULLET\BUILD\VS2010\OBJ\X32\DEBUG\LINEARMATH\BTCONVEXHULLCOMPUTER.OBJ
C:\USERS\JEAN-G\GOOGLE DRIVE\SCHOOL\SEMESTER 4\GAME2005\GAMEPHYSICSTESTBEDVS2012\BULLET\BUILD\VS2010\OBJ\X32\DEBUG\LINEARMATH\BTALIGNEDALLOCATOR.OBJ
C:\USERS\JEAN-G\GOOGLE DRIVE\SCHOOL\SEMESTER 4\GAME2005\GAMEPHYSICSTESTBEDVS2012\BULLET\BUILD\VS2010\OBJ\X32\DEBUG\LINEARMATH\BTPOLARDECOMPOSITION.OBJ
C:\USERS\JEAN-G\GOOGLE DRIVE\SCHOOL\SEMESTER 4\GAME2005\GAMEPHYSICSTESTBEDVS2012\BULLET\BUILD\VS2010\OBJ\X32\DEBUG\LINEARMATH\BTSERIALIZER.OBJ
C:\USERS\JEAN-G\GOOGLE DRIVE\SCHOOL\SEMESTER 4\GAME2005\GAMEPHYSICSTESTBEDVS2012\BULLET\BUILD\VS2010\OBJ\X32\DEBUG\LINEARMATH\BTVECTOR3.OBJ
C:\USERS\JEAN-G\GOOGLE DRIVE\SCHOOL\SEMESTER 4\GAME2005\GAMEPHYSICSTESTBEDVS2012\BULLET\BUILD\VS2010\OBJ\X32\DEBUG\LINEARMATH\BTCONVEXHULL.OBJ
C:\USERS\JEAN-G\GOOGLE DRIVE\SCHOOL\SEMESTER 4\GAME2005\GAMEPHYSICSTESTBEDVS2012\BULLET\LIB\LINEARMATH_VS2010_DEBUG.PDB
C:\USERS\JEAN-G\DOCUMENTS\SHUFFLEBOARD\BULLET\BUILD\VS2010\OBJ\X32\DEBUG\LINEARMATH\BTGEOMETRYUTIL.OBJ
C:\USERS\JEAN-G\DOCUMENTS\SHUFFLEBOARD\BULLET\BUILD\VS2010\OBJ\X32\DEBUG\LINEARMATH\BTQUICKPROF.OBJ
C:\USERS\JEAN-G\DOCUMENTS\SHUFFLEBOARD\BULLET\BUILD\VS2010\OBJ\X32\DEBUG\LINEARMATH\BTALIGNEDALLOCATOR.OBJ
C:\USERS\JEAN-G\DOCUMENTS\SHUFFLEBOARD\BULLET\BUILD\VS2010\OBJ\X32\DEBUG\LINEARMATH\BTPOLARDECOMPOSITION.OBJ
C:\USERS\JEAN-G\DOCUMENTS\SHUFFLEBOARD\BULLET\BUILD\VS2010\OBJ\X32\DEBUG\LINEARMATH\BTSERIALIZER.OBJ
C:\USERS\JEAN-G\DOCUMENTS\SHUFFLEBOARD\BULLET\BUILD\VS2010\OBJ\X32\DEBUG\LINEARMATH\BTVECTOR3.OBJ
C:\USERS\JEAN-G\DOCUMENTS\SHUFFLEBOARD\BULLET\BUILD\VS2010\OBJ\X32\DEBUG\LINEARMATH\BTCONVEXHULL.OBJ
C:\USERS\JEAN-G\DOCUMENTS\SHUFFLEBOARD\BULLET\BUILD\VS2010\OBJ\X32\DEBUG\LINEARMATH\BTCONVEXHULLCOMPUTER.OBJ
C:\USERS\JEAN-G\DOCUMENTS\SHUFFLEBOARD\BULLET\LIB\LINEARMATH_VS2010_DEBUG.PDB
C:\USERS\JEAN-G\GOOGLE DRIVE\SCHOOL\SEMESTER 4\GAME2005\GAMEPHYSICSTESTBEDVS2012\BULLET\LIB\LINEARMATH_VS2010_DEBUG.LIB
C:\USERS\JEAN-G\DOCUMENTS\SHUFFLEBOARD\BULLET\LIB\LINEARMATH_VS2010_DEBUG.LIB
C:\Users\Jean-G\Documents\ShuffleBoard\Bullet\build\vs2010\obj\x32\Debug\LinearMath\btAlignedAllocator.obj
C:\Users\Jean-G\Documents\ShuffleBoard\Bullet\build\vs2010\obj\x32\Debug\LinearMath\btConvexHull.obj
C:\Users\Jean-G\Documents\ShuffleBoard\Bullet\build\vs2010\obj\x32\Debug\LinearMath\btConvexHullComputer.obj
C:\Users\Jean-G\Documents\ShuffleBoard\Bullet\build\vs2010\obj\x32\Debug\LinearMath\btGeometryUtil.obj
C:\Users\Jean-G\Documents\ShuffleBoard\Bullet\build\vs2010\obj\x32\Debug\LinearMath\btPolarDecomposition.obj
C:\Users\Jean-G\Documents\ShuffleBoard\Bullet\build\vs2010\obj\x32\Debug\LinearMath\btQuickprof.obj
C:\Users\Jean-G\Documents\ShuffleBoard\Bullet\build\vs2010\obj\x32\Debug\LinearMath\btSerializer.obj
C:\Users\Jean-G\Documents\ShuffleBoard\Bullet\build\vs2010\obj\x32\Debug\LinearMath\btVector3.obj
C:\Users\Jean-G\Documents\ShuffleBoard\Bullet\build\vs2010\obj\x32\Debug\LinearMath\CL.1164.read.1.tlog
C:\Users\Jean-G\Documents\ShuffleBoard\Bullet\build\vs2010\obj\x32\Debug\LinearMath\CL.1164.write.1.tlog
C:\Users\Jean-G\Documents\ShuffleBoard\Bullet\build\vs2010\obj\x32\Debug\LinearMath\CL.3576.read.1.tlog
C:\Users\Jean-G\Documents\ShuffleBoard\Bullet\build\vs2010\obj\x32\Debug\LinearMath\CL.3576.write.1.tlog
C:\Users\Jean-G\Documents\ShuffleBoard\Bullet\build\vs2010\obj\x32\Debug\LinearMath\CL.7280.read.1.tlog
C:\Users\Jean-G\Documents\ShuffleBoard\Bullet\build\vs2010\obj\x32\Debug\LinearMath\CL.7280.write.1.tlog
C:\Users\Jean-G\Documents\ShuffleBoard\Bullet\build\vs2010\obj\x32\Debug\LinearMath\CL.7612.read.1.tlog
C:\Users\Jean-G\Documents\ShuffleBoard\Bullet\build\vs2010\obj\x32\Debug\LinearMath\CL.7612.write.1.tlog
C:\Users\Jean-G\Documents\ShuffleBoard\Bullet\build\vs2010\obj\x32\Debug\LinearMath\CL.8248.read.1.tlog
C:\Users\Jean-G\Documents\ShuffleBoard\Bullet\build\vs2010\obj\x32\Debug\LinearMath\CL.8248.write.1.tlog
C:\Users\Jean-G\Documents\ShuffleBoard\Bullet\build\vs2010\obj\x32\Debug\LinearMath\CL.8412.read.1.tlog
C:\Users\Jean-G\Documents\ShuffleBoard\Bullet\build\vs2010\obj\x32\Debug\LinearMath\CL.8412.write.1.tlog
C:\Users\Jean-G\Documents\ShuffleBoard\Bullet\build\vs2010\obj\x32\Debug\LinearMath\CL.9112.read.1.tlog
C:\Users\Jean-G\Documents\ShuffleBoard\Bullet\build\vs2010\obj\x32\Debug\LinearMath\CL.9112.write.1.tlog
C:\Users\Jean-G\Documents\ShuffleBoard\Bullet\build\vs2010\obj\x32\Debug\LinearMath\cl.command.1.tlog
C:\Users\Jean-G\Documents\ShuffleBoard\Bullet\build\vs2010\obj\x32\Debug\LinearMath\CL.read.1.tlog
C:\Users\Jean-G\Documents\ShuffleBoard\Bullet\build\vs2010\obj\x32\Debug\LinearMath\CL.write.1.tlog
C:\Users\Jean-G\Documents\ShuffleBoard\Bullet\build\vs2010\obj\x32\Debug\LinearMath\Lib-link.read.1.tlog
C:\Users\Jean-G\Documents\ShuffleBoard\Bullet\build\vs2010\obj\x32\Debug\LinearMath\Lib-link.write.1.tlog
C:\Users\Jean-G\Documents\ShuffleBoard\Bullet\build\vs2010\obj\x32\Debug\LinearMath\lib.command.1.tlog
C:\Users\Jean-G\Documents\ShuffleBoard\Bullet\build\vs2010\..\..\lib\LinearMath_vs2010_debug.lib
