c:\users\jean-g\google drive\school\semester 4\game2002\mesh demo post class\engine\advanced2d\debug\vc120.pdb
c:\users\jean-g\google drive\school\semester 4\game2002\mesh demo post class\engine\advanced2d\debug\vc120.idb
c:\users\jean-g\google drive\school\semester 4\game2002\mesh demo post class\engine\advanced2d\debug\advanced2d.obj
c:\users\jean-g\google drive\school\semester 4\game2002\mesh demo post class\engine\advanced2d\debug\audio.obj
c:\users\jean-g\google drive\school\semester 4\game2002\mesh demo post class\engine\advanced2d\debug\camera.obj
c:\users\jean-g\google drive\school\semester 4\game2002\mesh demo post class\engine\advanced2d\debug\entity.obj
c:\users\jean-g\google drive\school\semester 4\game2002\mesh demo post class\engine\advanced2d\debug\input.obj
c:\users\jean-g\google drive\school\semester 4\game2002\mesh demo post class\engine\advanced2d\debug\light.obj
c:\users\jean-g\google drive\school\semester 4\game2002\mesh demo post class\engine\advanced2d\debug\mesh.obj
c:\users\jean-g\google drive\school\semester 4\game2002\mesh demo post class\engine\advanced2d\debug\particleemitter.obj
c:\users\jean-g\google drive\school\semester 4\game2002\mesh demo post class\engine\advanced2d\debug\sprite.obj
c:\users\jean-g\google drive\school\semester 4\game2002\mesh demo post class\engine\advanced2d\debug\texture.obj
c:\users\jean-g\google drive\school\semester 4\game2002\mesh demo post class\engine\advanced2d\debug\timer.obj
c:\users\jean-g\google drive\school\semester 4\game2002\mesh demo post class\engine\advanced2d\debug\vector3.obj
c:\users\jean-g\google drive\school\semester 4\game2002\mesh demo post class\engine\advanced2d\debug\video.obj
c:\users\jean-g\google drive\school\semester 4\game2002\mesh demo post class\engine\advanced2d\debug\winmain.obj
c:\users\jean-g\google drive\school\semester 4\game2002\mesh demo post class\engine\lib\debug\advanced2d.lib
c:\users\jean-g\google drive\school\semester 4\game2002\mesh demo post class\engine\advanced2d\..\lib\debug\advanced2d.lib
c:\users\jean-g\google drive\school\semester 4\game2002\mesh demo post class\engine\advanced2d\debug\advanced2d.tlog\cl.command.1.tlog
c:\users\jean-g\google drive\school\semester 4\game2002\mesh demo post class\engine\advanced2d\debug\advanced2d.tlog\cl.read.1.tlog
c:\users\jean-g\google drive\school\semester 4\game2002\mesh demo post class\engine\advanced2d\debug\advanced2d.tlog\cl.write.1.tlog
c:\users\jean-g\google drive\school\semester 4\game2002\mesh demo post class\engine\advanced2d\debug\advanced2d.tlog\lib-link.read.1.tlog
c:\users\jean-g\google drive\school\semester 4\game2002\mesh demo post class\engine\advanced2d\debug\advanced2d.tlog\lib-link.write.1.tlog
c:\users\jean-g\google drive\school\semester 4\game2002\mesh demo post class\engine\advanced2d\debug\advanced2d.tlog\lib.command.1.tlog
