Build started 15/04/2014 11:04:58 PM.
     1>Project "C:\Users\Jean-G\Documents\Git\Shuffleboard\Engine\Advanced2D\Advanced2D.vcxproj" on node 2 (Rebuild target(s)).
     1>ClCompile:
         C:\Program Files (x86)\Microsoft Visual Studio 11.0\VC\bin\CL.exe /c /ZI /nologo /W3 /WX- /Od /Oy- /D WIN32 /D _DEBUG /D _LIB /D _MBCS /Gm /EHsc /RTC1 /MTd /GS /fp:precise /Zc:wchar_t /Zc:forScope /Fo"Debug\\" /Fd"Debug\vc110.pdb" /Gd /TP /analyze- /errorReport:prompt ..\Advanced2D.cpp ..\Audio.cpp ..\Camera.cpp ..\Entity.cpp ..\Input.cpp ..\Light.cpp ..\Mesh.cpp ..\ParticleEmitter.cpp ..\Sprite.cpp ..\Texture.cpp ..\Timer.cpp ..\Vector3.cpp ..\Video.cpp ..\winmain.cpp
         winmain.cpp
     1>c:\users\jean-g\documents\git\shuffleboard\engine\winmain.cpp(54): warning C4996: 'sprintf': This function or variable may be unsafe. Consider using sprintf_s instead. To disable deprecation, use _CRT_SECURE_NO_WARNINGS. See online help for details.
                 c:\program files (x86)\microsoft visual studio 11.0\vc\include\stdio.h(357) : see declaration of 'sprintf'
         Video.cpp
         Vector3.cpp
         Timer.cpp
         Texture.cpp
         Sprite.cpp
         ParticleEmitter.cpp
         Mesh.cpp
     1>c:\users\jean-g\documents\git\shuffleboard\engine\mesh.cpp(105): warning C4244: 'argument' : conversion from 'double' to 'FLOAT', possible loss of data
     1>c:\users\jean-g\documents\git\shuffleboard\engine\mesh.cpp(113): warning C4244: 'argument' : conversion from 'double' to 'FLOAT', possible loss of data
         Light.cpp
         Input.cpp
         Entity.cpp
         Camera.cpp
         Audio.cpp
         Advanced2D.cpp
         Generating Code...
       Lib:
         C:\Program Files (x86)\Microsoft Visual Studio 11.0\VC\bin\Lib.exe /OUT:"C:\Users\Jean-G\Documents\Git\Shuffleboard\Engine\Advanced2D\..\lib\debug\Advanced2D.lib" /NOLOGO Debug\Advanced2D.obj
         Debug\Audio.obj
         Debug\Camera.obj
         Debug\Entity.obj
         Debug\Input.obj
         Debug\Light.obj
         Debug\Mesh.obj
         Debug\ParticleEmitter.obj
         Debug\Sprite.obj
         Debug\Texture.obj
         Debug\Timer.obj
         Debug\Vector3.obj
         Debug\Video.obj
         Debug\winmain.obj
         Advanced2D.vcxproj -> C:\Users\Jean-G\Documents\Git\Shuffleboard\Engine\Advanced2D\..\lib\debug\Advanced2D.lib
     1>Done Building Project "C:\Users\Jean-G\Documents\Git\Shuffleboard\Engine\Advanced2D\Advanced2D.vcxproj" (Rebuild target(s)).

Build succeeded.

Time Elapsed 00:00:28.33
