C:\USERS\JEAN-G\DOCUMENTS\SHUFFLEBOARD\BULLET\BUILD\VS2010\OBJ\X32\DEBUG\BULLETFILELOADER\BDNA.OBJ
C:\USERS\JEAN-G\DOCUMENTS\SHUFFLEBOARD\BULLET\BUILD\VS2010\OBJ\X32\DEBUG\BULLETFILELOADER\BFILE.OBJ
C:\USERS\JEAN-G\DOCUMENTS\SHUFFLEBOARD\BULLET\BUILD\VS2010\OBJ\X32\DEBUG\BULLETFILELOADER\BCHUNK.OBJ
C:\USERS\JEAN-G\DOCUMENTS\SHUFFLEBOARD\BULLET\BUILD\VS2010\OBJ\X32\DEBUG\BULLETFILELOADER\BTBULLETFILE.OBJ
C:\USERS\JEAN-G\DOCUMENTS\SHUFFLEBOARD\BULLET\EXTRAS\LIB\BULLETFILELOADER_VS2010_DEBUG.PDB
C:\USERS\JEAN-G\DOCUMENTS\SHUFFLEBOARD\BULLET\EXTRAS\LIB\BULLETFILELOADER_VS2010_DEBUG.LIB
C:\Users\Jean-G\Documents\ShuffleBoard\Bullet\build\vs2010\obj\x32\Debug\BulletFileLoader\bChunk.obj
C:\Users\Jean-G\Documents\ShuffleBoard\Bullet\build\vs2010\obj\x32\Debug\BulletFileLoader\bDNA.obj
C:\Users\Jean-G\Documents\ShuffleBoard\Bullet\build\vs2010\obj\x32\Debug\BulletFileLoader\bFile.obj
C:\Users\Jean-G\Documents\ShuffleBoard\Bullet\build\vs2010\obj\x32\Debug\BulletFileLoader\btBulletFile.obj
C:\Users\Jean-G\Documents\ShuffleBoard\Bullet\build\vs2010\obj\x32\Debug\BulletFileLoader\CL.7252.read.1.tlog
C:\Users\Jean-G\Documents\ShuffleBoard\Bullet\build\vs2010\obj\x32\Debug\BulletFileLoader\CL.7252.write.1.tlog
C:\Users\Jean-G\Documents\ShuffleBoard\Bullet\build\vs2010\obj\x32\Debug\BulletFileLoader\CL.7392.read.1.tlog
C:\Users\Jean-G\Documents\ShuffleBoard\Bullet\build\vs2010\obj\x32\Debug\BulletFileLoader\CL.7392.write.1.tlog
C:\Users\Jean-G\Documents\ShuffleBoard\Bullet\build\vs2010\obj\x32\Debug\BulletFileLoader\CL.8256.read.1.tlog
C:\Users\Jean-G\Documents\ShuffleBoard\Bullet\build\vs2010\obj\x32\Debug\BulletFileLoader\CL.8256.write.1.tlog
C:\Users\Jean-G\Documents\ShuffleBoard\Bullet\build\vs2010\obj\x32\Debug\BulletFileLoader\CL.8344.read.1.tlog
C:\Users\Jean-G\Documents\ShuffleBoard\Bullet\build\vs2010\obj\x32\Debug\BulletFileLoader\CL.8344.write.1.tlog
C:\Users\Jean-G\Documents\ShuffleBoard\Bullet\build\vs2010\obj\x32\Debug\BulletFileLoader\cl.command.1.tlog
C:\Users\Jean-G\Documents\ShuffleBoard\Bullet\build\vs2010\obj\x32\Debug\BulletFileLoader\CL.read.1.tlog
C:\Users\Jean-G\Documents\ShuffleBoard\Bullet\build\vs2010\obj\x32\Debug\BulletFileLoader\CL.write.1.tlog
C:\Users\Jean-G\Documents\ShuffleBoard\Bullet\build\vs2010\obj\x32\Debug\BulletFileLoader\Lib-link.read.1.tlog
C:\Users\Jean-G\Documents\ShuffleBoard\Bullet\build\vs2010\obj\x32\Debug\BulletFileLoader\Lib-link.write.1.tlog
C:\Users\Jean-G\Documents\ShuffleBoard\Bullet\build\vs2010\obj\x32\Debug\BulletFileLoader\lib.command.1.tlog
C:\Users\Jean-G\Documents\ShuffleBoard\Bullet\build\vs2010\..\..\Extras\lib\BulletFileLoader_vs2010_debug.lib
