C:\USERS\JEAN-G\DOCUMENTS\SHUFFLEBOARD\MESHENTITYDEMO\MESHENTITYDEMO\DEBUG\MAIN.OBJ
C:\USERS\JEAN-G\DOCUMENTS\SHUFFLEBOARD\MESHENTITYDEMO\MESHENTITYDEMO\DEBUG\GAMEMANAGER.OBJ
C:\USERS\JEAN-G\DOCUMENTS\SHUFFLEBOARD\MESHENTITYDEMO\MESHENTITYDEMO\DEBUG\GAMEOBJECT.OBJ
C:\USERS\JEAN-G\DOCUMENTS\SHUFFLEBOARD\MESHENTITYDEMO\MESHENTITYDEMO\DEBUG\ROCK.OBJ
C:\USERS\JEAN-G\DOCUMENTS\SHUFFLEBOARD\MESHENTITYDEMO\MESHENTITYDEMO\DEBUG\SHUFFLEBOARDGAME.OBJ
C:\USERS\JEAN-G\DOCUMENTS\SHUFFLEBOARD\MESHENTITYDEMO\MESHENTITYDEMO\DEBUG\VC110.PDB
C:\Users\Jean-G\Documents\ShuffleBoard\MeshEntityDemo\MeshEntityDemo\Debug\GameManager.obj
C:\Users\Jean-G\Documents\ShuffleBoard\MeshEntityDemo\MeshEntityDemo\Debug\GameObject.obj
C:\Users\Jean-G\Documents\ShuffleBoard\MeshEntityDemo\MeshEntityDemo\Debug\main.obj
C:\Users\Jean-G\Documents\ShuffleBoard\MeshEntityDemo\MeshEntityDemo\Debug\Rock.obj
C:\Users\Jean-G\Documents\ShuffleBoard\MeshEntityDemo\MeshEntityDemo\Debug\ShuffleBoardGame.obj
C:\Users\Jean-G\Documents\ShuffleBoard\MeshEntityDemo\MeshEntityDemo\Debug\cl.command.1.tlog
C:\Users\Jean-G\Documents\ShuffleBoard\MeshEntityDemo\MeshEntityDemo\Debug\CL.read.1.tlog
C:\Users\Jean-G\Documents\ShuffleBoard\MeshEntityDemo\MeshEntityDemo\Debug\CL.write.1.tlog
C:\Users\Jean-G\Documents\ShuffleBoard\MeshEntityDemo\MeshEntityDemo\Debug\link-cvtres.read.1.tlog
C:\Users\Jean-G\Documents\ShuffleBoard\MeshEntityDemo\MeshEntityDemo\Debug\link-cvtres.write.1.tlog
C:\Users\Jean-G\Documents\ShuffleBoard\MeshEntityDemo\MeshEntityDemo\Debug\link-rc.read.1.tlog
C:\Users\Jean-G\Documents\ShuffleBoard\MeshEntityDemo\MeshEntityDemo\Debug\link-rc.write.1.tlog
C:\Users\Jean-G\Documents\ShuffleBoard\MeshEntityDemo\MeshEntityDemo\Debug\link.1104-cvtres.read.1.tlog
C:\Users\Jean-G\Documents\ShuffleBoard\MeshEntityDemo\MeshEntityDemo\Debug\link.1104-cvtres.write.1.tlog
C:\Users\Jean-G\Documents\ShuffleBoard\MeshEntityDemo\MeshEntityDemo\Debug\link.1104-rc.read.1.tlog
C:\Users\Jean-G\Documents\ShuffleBoard\MeshEntityDemo\MeshEntityDemo\Debug\link.1104-rc.write.1.tlog
C:\Users\Jean-G\Documents\ShuffleBoard\MeshEntityDemo\MeshEntityDemo\Debug\link.1104.read.1.tlog
C:\Users\Jean-G\Documents\ShuffleBoard\MeshEntityDemo\MeshEntityDemo\Debug\link.1104.write.1.tlog
C:\Users\Jean-G\Documents\ShuffleBoard\MeshEntityDemo\MeshEntityDemo\Debug\link.1684-cvtres.read.1.tlog
C:\Users\Jean-G\Documents\ShuffleBoard\MeshEntityDemo\MeshEntityDemo\Debug\link.1684-cvtres.write.1.tlog
C:\Users\Jean-G\Documents\ShuffleBoard\MeshEntityDemo\MeshEntityDemo\Debug\link.1684-rc.read.1.tlog
C:\Users\Jean-G\Documents\ShuffleBoard\MeshEntityDemo\MeshEntityDemo\Debug\link.1684-rc.write.1.tlog
C:\Users\Jean-G\Documents\ShuffleBoard\MeshEntityDemo\MeshEntityDemo\Debug\link.1684.read.1.tlog
C:\Users\Jean-G\Documents\ShuffleBoard\MeshEntityDemo\MeshEntityDemo\Debug\link.1684.write.1.tlog
C:\Users\Jean-G\Documents\ShuffleBoard\MeshEntityDemo\MeshEntityDemo\Debug\link.2248-cvtres.read.1.tlog
C:\Users\Jean-G\Documents\ShuffleBoard\MeshEntityDemo\MeshEntityDemo\Debug\link.2248-cvtres.write.1.tlog
C:\Users\Jean-G\Documents\ShuffleBoard\MeshEntityDemo\MeshEntityDemo\Debug\link.2248-rc.read.1.tlog
C:\Users\Jean-G\Documents\ShuffleBoard\MeshEntityDemo\MeshEntityDemo\Debug\link.2248-rc.write.1.tlog
C:\Users\Jean-G\Documents\ShuffleBoard\MeshEntityDemo\MeshEntityDemo\Debug\link.2248.read.1.tlog
C:\Users\Jean-G\Documents\ShuffleBoard\MeshEntityDemo\MeshEntityDemo\Debug\link.2248.write.1.tlog
C:\Users\Jean-G\Documents\ShuffleBoard\MeshEntityDemo\MeshEntityDemo\Debug\link.4828-cvtres.read.1.tlog
C:\Users\Jean-G\Documents\ShuffleBoard\MeshEntityDemo\MeshEntityDemo\Debug\link.4828-cvtres.write.1.tlog
C:\Users\Jean-G\Documents\ShuffleBoard\MeshEntityDemo\MeshEntityDemo\Debug\link.4828-rc.read.1.tlog
C:\Users\Jean-G\Documents\ShuffleBoard\MeshEntityDemo\MeshEntityDemo\Debug\link.4828-rc.write.1.tlog
C:\Users\Jean-G\Documents\ShuffleBoard\MeshEntityDemo\MeshEntityDemo\Debug\link.4828.read.1.tlog
C:\Users\Jean-G\Documents\ShuffleBoard\MeshEntityDemo\MeshEntityDemo\Debug\link.4828.write.1.tlog
C:\Users\Jean-G\Documents\ShuffleBoard\MeshEntityDemo\MeshEntityDemo\Debug\link.5660-cvtres.read.1.tlog
C:\Users\Jean-G\Documents\ShuffleBoard\MeshEntityDemo\MeshEntityDemo\Debug\link.5660-cvtres.write.1.tlog
C:\Users\Jean-G\Documents\ShuffleBoard\MeshEntityDemo\MeshEntityDemo\Debug\link.5660-rc.read.1.tlog
C:\Users\Jean-G\Documents\ShuffleBoard\MeshEntityDemo\MeshEntityDemo\Debug\link.5660-rc.write.1.tlog
C:\Users\Jean-G\Documents\ShuffleBoard\MeshEntityDemo\MeshEntityDemo\Debug\link.5660.read.1.tlog
C:\Users\Jean-G\Documents\ShuffleBoard\MeshEntityDemo\MeshEntityDemo\Debug\link.5660.write.1.tlog
C:\Users\Jean-G\Documents\ShuffleBoard\MeshEntityDemo\MeshEntityDemo\Debug\link.5740-cvtres.read.1.tlog
C:\Users\Jean-G\Documents\ShuffleBoard\MeshEntityDemo\MeshEntityDemo\Debug\link.5740-cvtres.write.1.tlog
C:\Users\Jean-G\Documents\ShuffleBoard\MeshEntityDemo\MeshEntityDemo\Debug\link.5740-rc.read.1.tlog
C:\Users\Jean-G\Documents\ShuffleBoard\MeshEntityDemo\MeshEntityDemo\Debug\link.5740-rc.write.1.tlog
C:\Users\Jean-G\Documents\ShuffleBoard\MeshEntityDemo\MeshEntityDemo\Debug\link.5740.read.1.tlog
C:\Users\Jean-G\Documents\ShuffleBoard\MeshEntityDemo\MeshEntityDemo\Debug\link.5740.write.1.tlog
C:\Users\Jean-G\Documents\ShuffleBoard\MeshEntityDemo\MeshEntityDemo\Debug\link.6136-cvtres.read.1.tlog
C:\Users\Jean-G\Documents\ShuffleBoard\MeshEntityDemo\MeshEntityDemo\Debug\link.6136-cvtres.write.1.tlog
C:\Users\Jean-G\Documents\ShuffleBoard\MeshEntityDemo\MeshEntityDemo\Debug\link.6136-rc.read.1.tlog
C:\Users\Jean-G\Documents\ShuffleBoard\MeshEntityDemo\MeshEntityDemo\Debug\link.6136-rc.write.1.tlog
C:\Users\Jean-G\Documents\ShuffleBoard\MeshEntityDemo\MeshEntityDemo\Debug\link.6136.read.1.tlog
C:\Users\Jean-G\Documents\ShuffleBoard\MeshEntityDemo\MeshEntityDemo\Debug\link.6136.write.1.tlog
C:\Users\Jean-G\Documents\ShuffleBoard\MeshEntityDemo\MeshEntityDemo\Debug\link.6992.read.1.tlog
C:\Users\Jean-G\Documents\ShuffleBoard\MeshEntityDemo\MeshEntityDemo\Debug\link.6992.write.1.tlog
C:\Users\Jean-G\Documents\ShuffleBoard\MeshEntityDemo\MeshEntityDemo\Debug\link.8228-cvtres.read.1.tlog
C:\Users\Jean-G\Documents\ShuffleBoard\MeshEntityDemo\MeshEntityDemo\Debug\link.8228-cvtres.write.1.tlog
C:\Users\Jean-G\Documents\ShuffleBoard\MeshEntityDemo\MeshEntityDemo\Debug\link.8228-rc.read.1.tlog
C:\Users\Jean-G\Documents\ShuffleBoard\MeshEntityDemo\MeshEntityDemo\Debug\link.8228-rc.write.1.tlog
C:\Users\Jean-G\Documents\ShuffleBoard\MeshEntityDemo\MeshEntityDemo\Debug\link.8228.read.1.tlog
C:\Users\Jean-G\Documents\ShuffleBoard\MeshEntityDemo\MeshEntityDemo\Debug\link.8228.write.1.tlog
C:\Users\Jean-G\Documents\ShuffleBoard\MeshEntityDemo\MeshEntityDemo\Debug\link.8412-cvtres.read.1.tlog
C:\Users\Jean-G\Documents\ShuffleBoard\MeshEntityDemo\MeshEntityDemo\Debug\link.8412-cvtres.write.1.tlog
C:\Users\Jean-G\Documents\ShuffleBoard\MeshEntityDemo\MeshEntityDemo\Debug\link.8412-rc.read.1.tlog
C:\Users\Jean-G\Documents\ShuffleBoard\MeshEntityDemo\MeshEntityDemo\Debug\link.8412-rc.write.1.tlog
C:\Users\Jean-G\Documents\ShuffleBoard\MeshEntityDemo\MeshEntityDemo\Debug\link.8412.read.1.tlog
C:\Users\Jean-G\Documents\ShuffleBoard\MeshEntityDemo\MeshEntityDemo\Debug\link.8412.write.1.tlog
C:\Users\Jean-G\Documents\ShuffleBoard\MeshEntityDemo\MeshEntityDemo\Debug\link.9084-cvtres.read.1.tlog
C:\Users\Jean-G\Documents\ShuffleBoard\MeshEntityDemo\MeshEntityDemo\Debug\link.9084-cvtres.write.1.tlog
C:\Users\Jean-G\Documents\ShuffleBoard\MeshEntityDemo\MeshEntityDemo\Debug\link.9084-rc.read.1.tlog
C:\Users\Jean-G\Documents\ShuffleBoard\MeshEntityDemo\MeshEntityDemo\Debug\link.9084-rc.write.1.tlog
C:\Users\Jean-G\Documents\ShuffleBoard\MeshEntityDemo\MeshEntityDemo\Debug\link.9084.read.1.tlog
C:\Users\Jean-G\Documents\ShuffleBoard\MeshEntityDemo\MeshEntityDemo\Debug\link.9084.write.1.tlog
C:\Users\Jean-G\Documents\ShuffleBoard\MeshEntityDemo\MeshEntityDemo\Debug\link.command.1.tlog
C:\Users\Jean-G\Documents\ShuffleBoard\MeshEntityDemo\MeshEntityDemo\Debug\link.read.1.tlog
C:\Users\Jean-G\Documents\ShuffleBoard\MeshEntityDemo\MeshEntityDemo\Debug\link.write.1.tlog
C:\Users\Jean-G\Documents\ShuffleBoard\MeshEntityDemo\MeshEntityDemo\Debug\vc110.idb
C:\Users\Jean-G\Documents\ShuffleBoard\MeshEntityDemo\MeshEntityDemo\Debug\vc110.pdb
C:\Users\Jean-G\Documents\ShuffleBoard\MeshEntityDemo\MeshEntityDemo\..\bin\MeshEntityDemo_debug.pdb
