Build started 08/04/2014 5:48:43 PM.
     1>Project "C:\Users\Jean-G\Documents\ShuffleBoard\Bullet\build\vs2010\App_Box2dDemo.vcxproj" on node 5 (Rebuild target(s)).
     1>ClCompile:
         C:\Program Files (x86)\Microsoft Visual Studio 11.0\VC\bin\CL.exe /c /I..\..\src /I..\..\Demos\OpenGL /I..\..\Glut /nologo /W3 /WX- /Ox /Oy- /D _CRT_SECURE_NO_WARNINGS /D _CRT_SECURE_NO_DEPRECATE /D _HAS_EXCEPTIONS=0 /D GLEW_STATIC /D _MBCS /GF /Gm- /MT /GS /Gy /fp:fast /Zc:wchar_t /Zc:forScope /GR- /Fo"obj\x32\Release\App_Box2dDemo\\" /Fd"obj\x32\Release\App_Box2dDemo\vc110.pdb" /Gd /TP /analyze- /errorReport:prompt /MP ..\..\Demos\Box2dDemo\Box2dDemo.cpp ..\..\Demos\Box2dDemo\main.cpp ..\..\Demos\Box2dDemo\Win32Box2dDemo.cpp
         Box2dDemo.cpp
         main.cpp
         Win32Box2dDemo.cpp
         Note: including lib: glut32.lib
         
         Note: including lib: glut32.lib
         
       ResourceCompile:
         C:\Program Files (x86)\Windows Kits\8.0\bin\x86\rc.exe /D _CRT_SECURE_NO_WARNINGS /D _CRT_SECURE_NO_DEPRECATE /D _HAS_EXCEPTIONS=0 /D GLEW_STATIC /l"0x0409" /I..\..\src /I..\..\Demos\OpenGL /I..\..\Glut /nologo /fo"obj\x32\Release\App_Box2dDemo\bullet.res" ..\bullet.rc 
       Link:
         C:\Program Files (x86)\Microsoft Visual Studio 11.0\VC\bin\link.exe /ERRORREPORT:PROMPT /OUT:"..\..\App_Box2dDemo_vs2010.exe" /INCREMENTAL:NO /NOLOGO /LIBPATH:..\..\Glut opengl32.lib glew32s.lib glut32.lib ..\..\lib\OpenGLSupport_vs2010.lib ..\..\lib\BulletDynamics_vs2010.lib ..\..\lib\BulletCollision_vs2010.lib ..\..\lib\LinearMath_vs2010.lib kernel32.lib user32.lib gdi32.lib winspool.lib comdlg32.lib advapi32.lib shell32.lib ole32.lib oleaut32.lib uuid.lib odbc32.lib odbccp32.lib /MANIFEST /MANIFESTUAC:"level='asInvoker' uiAccess='false'" /manifest:embed /PDB:"..\..\App_Box2dDemo_vs2010.pdb" /SUBSYSTEM:CONSOLE /OPT:REF /OPT:ICF /TLBID:1 /ENTRY:"mainCRTStartup" /DYNAMICBASE /NXCOMPAT /IMPLIB:"..\..\App_Box2dDemo_vs2010.lib" /MACHINE:X86 /SAFESEH obj\x32\Release\App_Box2dDemo\bullet.res
         obj\x32\Release\App_Box2dDemo\Box2dDemo.obj
         obj\x32\Release\App_Box2dDemo\main.obj
         obj\x32\Release\App_Box2dDemo\Win32Box2dDemo.obj
         App_Box2dDemo.vcxproj -> C:\Users\Jean-G\Documents\ShuffleBoard\Bullet\build\vs2010\..\..\App_Box2dDemo_vs2010.exe
     1>Done Building Project "C:\Users\Jean-G\Documents\ShuffleBoard\Bullet\build\vs2010\App_Box2dDemo.vcxproj" (Rebuild target(s)).

Build succeeded.

Time Elapsed 00:00:11.91
